<?xml version="1.0" encoding="UTF-8" standalone="yes"?><!DOCTYPE report PUBLIC "-//JACOCO//DTD Report 1.1//EN" "report.dtd"><report name="Knowledge Management Service"><sessioninfo id="Jolenes-Air-3-59058516" start="1764542504023" dump="1764542515028"/><sessioninfo id="Jolenes-Air-3-3b82f0b5" start="1764543088216" dump="1764543090040"/><sessioninfo id="Jolenes-Air-3-a717e592" start="1764543315529" dump="1764543325086"/><sessioninfo id="Jolenes-Air-3-4d64a15" start="1764543521949" dump="1764543534321"/><sessioninfo id="Jolenes-Air-3-82c515fc" start="1764543882363" dump="1764543892866"/><sessioninfo id="Jolenes-Air-3-18bc7881" start="1764544306570" dump="1764544316633"/><sessioninfo id="Jolenes-Air-3-ba31004b" start="1764544329662" dump="1764544340148"/><sessioninfo id="Jolenes-Air-3-8f07079a" start="1764544447323" dump="1764544457350"/><sessioninfo id="Jolenes-Air-3-f8646893" start="1764544580795" dump="1764544590574"/><sessioninfo id="Jolenes-Air-3-3201e11a" start="1764544654267" dump="1764544664291"/><sessioninfo id="Jolenes-Air-3-b27dacf3" start="1764545053331" dump="1764545063444"/><sessioninfo id="Jolenes-Air-3-29eca35d" start="1764545129364" dump="1764545140644"/><sessioninfo id="Jolenes-Air-3-699389d2" start="1764545308914" dump="1764545320408"/><sessioninfo id="Jolenes-Air-3-63f2e002" start="1764545354281" dump="1764545365447"/><sessioninfo id="Jolenes-Air-3-3bd215e6" start="1764545472820" dump="1764545483582"/><sessioninfo id="Jolenes-Air-3-b0dadd33" start="1764545556445" dump="1764545566995"/><package name="dev/coms4156/project/service"><class name="dev/coms4156/project/service/DocumentTextExtractionService" sourcefilename="DocumentTextExtractionService.java"><method name="&lt;init&gt;" desc="()V" line="18"><counter type="INSTRUCTION" missed="0" covered="8"/><counter type="LINE" missed="0" covered="3"/><counter type="COMPLEXITY" missed="0" covered="1"/><counter type="METHOD" missed="0" covered="1"/></method><method name="extractText" desc="(Lorg/springframework/web/multipart/MultipartFile;)Ljava/lang/String;" line="31"><counter type="INSTRUCTION" missed="0" covered="24"/><counter type="BRANCH" missed="0" covered="4"/><counter type="LINE" missed="0" covered="5"/><counter type="COMPLEXITY" missed="0" covered="3"/><counter type="METHOD" missed="0" covered="1"/></method><method name="extractText" desc="(Ljava/io/InputStream;)Ljava/lang/String;" line="53"><counter type="INSTRUCTION" missed="16" covered="0"/><counter type="BRANCH" missed="2" covered="0"/><counter type="LINE" missed="4" covered="0"/><counter type="COMPLEXITY" missed="2" covered="0"/><counter type="METHOD" missed="1" covered="0"/></method><method name="detectContentType" desc="(Lorg/springframework/web/multipart/MultipartFile;)Ljava/lang/String;" line="69"><counter type="INSTRUCTION" missed="5" covered="17"/><counter type="BRANCH" missed="2" covered="2"/><counter type="LINE" missed="1" covered="3"/><counter type="COMPLEXITY" missed="2" covered="1"/><counter type="METHOD" missed="0" covered="1"/></method><method name="cleanExtractedText" desc="(Ljava/lang/String;)Ljava/lang/String;" line="85"><counter type="INSTRUCTION" missed="0" covered="23"/><counter type="BRANCH" missed="1" covered="3"/><counter type="LINE" missed="0" covered="8"/><counter type="COMPLEXITY" missed="1" covered="2"/><counter type="METHOD" missed="0" covered="1"/></method><method name="isSupportedContentType" desc="(Ljava/lang/String;)Z" line="105"><counter type="INSTRUCTION" missed="0" covered="60"/><counter type="BRANCH" missed="3" covered="25"/><counter type="LINE" missed="0" covered="14"/><counter type="COMPLEXITY" missed="3" covered="12"/><counter type="METHOD" missed="0" covered="1"/></method><counter type="INSTRUCTION" missed="21" covered="132"/><counter type="BRANCH" missed="8" covered="34"/><counter type="LINE" missed="5" covered="33"/><counter type="COMPLEXITY" missed="8" covered="19"/><counter type="METHOD" missed="1" covered="5"/><counter type="CLASS" missed="0" covered="1"/></class><class name="dev/coms4156/project/service/DocumentSummarizationService" sourcefilename="DocumentSummarizationService.java"><method name="&lt;init&gt;" desc="(Ldev/coms4156/project/repository/DocumentRepository;Lorg/springframework/ai/chat/client/ChatClient;)V" line="19"><counter type="INSTRUCTION" missed="0" covered="9"/><counter type="LINE" missed="0" covered="4"/><counter type="COMPLEXITY" missed="0" covered="1"/><counter type="METHOD" missed="0" covered="1"/></method><method name="generateSummary" desc="(Ldev/coms4156/project/model/Document;)Ljava/lang/String;" line="29"><counter type="INSTRUCTION" missed="14" covered="40"/><counter type="BRANCH" missed="0" covered="4"/><counter type="LINE" missed="4" covered="10"/><counter type="COMPLEXITY" missed="0" covered="3"/><counter type="METHOD" missed="0" covered="1"/></method><method name="generateAiSummary" desc="(Ljava/lang/String;)Ljava/lang/String;" line="58"><counter type="INSTRUCTION" missed="20" covered="20"/><counter type="BRANCH" missed="2" covered="0"/><counter type="LINE" missed="8" covered="5"/><counter type="COMPLEXITY" missed="1" covered="1"/><counter type="METHOD" missed="0" covered="1"/></method><method name="generateSimpleSummary" desc="(Ljava/lang/String;)Ljava/lang/String;" line="86"><counter type="INSTRUCTION" missed="0" covered="24"/><counter type="BRANCH" missed="0" covered="2"/><counter type="LINE" missed="0" covered="6"/><counter type="COMPLEXITY" missed="0" covered="2"/><counter type="METHOD" missed="0" covered="1"/></method><method name="getDocumentSummary" desc="(Ljava/lang/Long;)Ljava/lang/String;" line="102"><counter type="INSTRUCTION" missed="0" covered="10"/><counter type="LINE" missed="0" covered="3"/><counter type="COMPLEXITY" missed="0" covered="1"/><counter type="METHOD" missed="0" covered="1"/></method><counter type="INSTRUCTION" missed="34" covered="103"/><counter type="BRANCH" missed="2" covered="6"/><counter type="LINE" missed="12" covered="28"/><counter type="COMPLEXITY" missed="1" covered="8"/><counter type="METHOD" missed="0" covered="5"/><counter type="CLASS" missed="0" covered="1"/></class><class name="dev/coms4156/project/service/DocumentChunkingService$ChunkStatistics" sourcefilename="DocumentChunkingService.java"><method name="&lt;init&gt;" desc="(IIIII)V" line="202"><counter type="INSTRUCTION" missed="0" covered="18"/><counter type="LINE" missed="0" covered="7"/><counter type="COMPLEXITY" missed="0" covered="1"/><counter type="METHOD" missed="0" covered="1"/></method><method name="getTotalChunks" desc="()I" line="216"><counter type="INSTRUCTION" missed="0" covered="3"/><counter type="LINE" missed="0" covered="1"/><counter type="COMPLEXITY" missed="0" covered="1"/><counter type="METHOD" missed="0" covered="1"/></method><method name="getTotalCharacters" desc="()I" line="223"><counter type="INSTRUCTION" missed="0" covered="3"/><counter type="LINE" missed="0" covered="1"/><counter type="COMPLEXITY" missed="0" covered="1"/><counter type="METHOD" missed="0" covered="1"/></method><method name="getAverageChunkSize" desc="()I" line="230"><counter type="INSTRUCTION" missed="0" covered="3"/><counter type="LINE" missed="0" covered="1"/><counter type="COMPLEXITY" missed="0" covered="1"/><counter type="METHOD" missed="0" covered="1"/></method><method name="getMinChunkSize" desc="()I" line="237"><counter type="INSTRUCTION" missed="0" covered="3"/><counter type="LINE" missed="0" covered="1"/><counter type="COMPLEXITY" missed="0" covered="1"/><counter type="METHOD" missed="0" covered="1"/></method><method name="getMaxChunkSize" desc="()I" line="244"><counter type="INSTRUCTION" missed="0" covered="3"/><counter type="LINE" missed="0" covered="1"/><counter type="COMPLEXITY" missed="0" covered="1"/><counter type="METHOD" missed="0" covered="1"/></method><counter type="INSTRUCTION" missed="0" covered="33"/><counter type="LINE" missed="0" covered="12"/><counter type="COMPLEXITY" missed="0" covered="6"/><counter type="METHOD" missed="0" covered="6"/><counter type="CLASS" missed="0" covered="1"/></class><class name="dev/coms4156/project/service/ApiLoggingService" sourcefilename="ApiLoggingService.java"><method name="&lt;init&gt;" desc="()V" line="15"><counter type="INSTRUCTION" missed="0" covered="3"/><counter type="LINE" missed="0" covered="1"/><counter type="COMPLEXITY" missed="0" covered="1"/><counter type="METHOD" missed="0" covered="1"/></method><method name="logApiRequest" desc="(Ljava/lang/String;Ljava/lang/String;Ljava/lang/String;Ljava/lang/String;Ljava/lang/String;Ljava/lang/String;Ljava/lang/String;)V" line="35"><counter type="INSTRUCTION" missed="18" covered="46"/><counter type="BRANCH" missed="0" covered="2"/><counter type="LINE" missed="2" covered="5"/><counter type="COMPLEXITY" missed="0" covered="2"/><counter type="METHOD" missed="0" covered="1"/></method><method name="logApiResponse" desc="(Ljava/lang/String;Ljava/lang/String;Ljava/lang/String;Ljava/lang/String;IJLjava/lang/String;)V" line="64"><counter type="INSTRUCTION" missed="18" covered="48"/><counter type="BRANCH" missed="0" covered="2"/><counter type="LINE" missed="2" covered="6"/><counter type="COMPLEXITY" missed="0" covered="2"/><counter type="METHOD" missed="0" covered="1"/></method><method name="logApiError" desc="(Ljava/lang/String;Ljava/lang/String;Ljava/lang/String;Ljava/lang/String;Ljava/lang/String;Ljava/lang/Exception;)V" line="91"><counter type="INSTRUCTION" missed="18" covered="65"/><counter type="BRANCH" missed="0" covered="2"/><counter type="LINE" missed="2" covered="6"/><counter type="COMPLEXITY" missed="0" covered="2"/><counter type="METHOD" missed="0" covered="1"/></method><method name="generateRequestId" desc="()Ljava/lang/String;" line="112"><counter type="INSTRUCTION" missed="0" covered="3"/><counter type="LINE" missed="0" covered="1"/><counter type="COMPLEXITY" missed="0" covered="1"/><counter type="METHOD" missed="0" covered="1"/></method><method name="getClientId" desc="(Ljava/lang/String;Ljava/lang/String;)Ljava/lang/String;" line="123"><counter type="INSTRUCTION" missed="0" covered="19"/><counter type="BRANCH" missed="0" covered="6"/><counter type="LINE" missed="0" covered="5"/><counter type="COMPLEXITY" missed="0" covered="4"/><counter type="METHOD" missed="0" covered="1"/></method><method name="&lt;clinit&gt;" desc="()V" line="17"><counter type="INSTRUCTION" missed="0" covered="7"/><counter type="LINE" missed="0" covered="2"/><counter type="COMPLEXITY" missed="0" covered="1"/><counter type="METHOD" missed="0" covered="1"/></method><counter type="INSTRUCTION" missed="54" covered="191"/><counter type="BRANCH" missed="0" covered="12"/><counter type="LINE" missed="6" covered="26"/><counter type="COMPLEXITY" missed="0" covered="13"/><counter type="METHOD" missed="0" covered="7"/><counter type="CLASS" missed="0" covered="1"/></class><class name="dev/coms4156/project/service/SimpleEmbeddingService" sourcefilename="SimpleEmbeddingService.java"><method name="&lt;init&gt;" desc="(Ldev/coms4156/project/repository/DocumentChunkRepository;Lorg/springframework/ai/embedding/EmbeddingModel;)V" line="28"><counter type="INSTRUCTION" missed="0" covered="9"/><counter type="LINE" missed="0" covered="4"/><counter type="COMPLEXITY" missed="0" covered="1"/><counter type="METHOD" missed="0" covered="1"/></method><method name="generateEmbedding" desc="(Ldev/coms4156/project/model/DocumentChunk;)Ldev/coms4156/project/model/DocumentChunk;" line="43"><counter type="INSTRUCTION" missed="0" covered="57"/><counter type="BRANCH" missed="1" covered="5"/><counter type="LINE" missed="0" covered="17"/><counter type="COMPLEXITY" missed="1" covered="3"/><counter type="METHOD" missed="0" covered="1"/></method><method name="generateEmbeddings" desc="(Ljava/util/List;)Ljava/util/List;" line="81"><counter type="INSTRUCTION" missed="8" covered="68"/><counter type="BRANCH" missed="2" covered="8"/><counter type="LINE" missed="4" covered="19"/><counter type="COMPLEXITY" missed="2" covered="4"/><counter type="METHOD" missed="0" covered="1"/></method><method name="generateOllamaEmbeddingArray" desc="(Ljava/lang/String;)[F" line="127"><counter type="INSTRUCTION" missed="5" covered="57"/><counter type="BRANCH" missed="2" covered="2"/><counter type="LINE" missed="1" covered="11"/><counter type="COMPLEXITY" missed="2" covered="1"/><counter type="METHOD" missed="0" covered="1"/></method><method name="convertFloatArrayToVectorString" desc="([F)Ljava/lang/String;" line="155"><counter type="INSTRUCTION" missed="5" covered="41"/><counter type="BRANCH" missed="2" covered="6"/><counter type="LINE" missed="1" covered="8"/><counter type="COMPLEXITY" missed="2" covered="3"/><counter type="METHOD" missed="0" covered="1"/></method><method name="findSimilarChunks" desc="(Ljava/lang/String;I)Ljava/util/List;" line="179"><counter type="INSTRUCTION" missed="0" covered="56"/><counter type="BRANCH" missed="0" covered="4"/><counter type="LINE" missed="0" covered="14"/><counter type="COMPLEXITY" missed="0" covered="3"/><counter type="METHOD" missed="0" covered="1"/></method><method name="calculateSimilarity" desc="([F[F)D" line="212"><counter type="INSTRUCTION" missed="0" covered="25"/><counter type="BRANCH" missed="2" covered="6"/><counter type="LINE" missed="0" covered="6"/><counter type="COMPLEXITY" missed="2" covered="3"/><counter type="METHOD" missed="0" covered="1"/></method><method name="calculateCosineSimilarity" desc="([F[F)D" line="235"><counter type="INSTRUCTION" missed="0" covered="70"/><counter type="BRANCH" missed="1" covered="7"/><counter type="LINE" missed="0" covered="14"/><counter type="COMPLEXITY" missed="1" covered="4"/><counter type="METHOD" missed="0" covered="1"/></method><method name="getEmbeddingStatistics" desc="()Ljava/util/Map;" line="264"><counter type="INSTRUCTION" missed="0" covered="68"/><counter type="BRANCH" missed="0" covered="2"/><counter type="LINE" missed="0" covered="14"/><counter type="COMPLEXITY" missed="0" covered="2"/><counter type="METHOD" missed="0" covered="1"/></method><method name="generateEmbeddingsForDocument" desc="(Ljava/lang/Long;)I" line="293"><counter type="INSTRUCTION" missed="0" covered="17"/><counter type="BRANCH" missed="0" covered="2"/><counter type="LINE" missed="0" covered="6"/><counter type="COMPLEXITY" missed="0" covered="2"/><counter type="METHOD" missed="0" covered="1"/></method><method name="testConnection" desc="()Ljava/util/Map;" line="310"><counter type="INSTRUCTION" missed="14" covered="45"/><counter type="BRANCH" missed="1" covered="1"/><counter type="LINE" missed="3" covered="10"/><counter type="COMPLEXITY" missed="1" covered="1"/><counter type="METHOD" missed="0" covered="1"/></method><counter type="INSTRUCTION" missed="32" covered="513"/><counter type="BRANCH" missed="11" covered="43"/><counter type="LINE" missed="9" covered="123"/><counter type="COMPLEXITY" missed="11" covered="27"/><counter type="METHOD" missed="0" covered="11"/><counter type="CLASS" missed="0" covered="1"/></class><class name="dev/coms4156/project/service/JwtService" sourcefilename="JwtService.java"><method name="&lt;init&gt;" desc="()V" line="19"><counter type="INSTRUCTION" missed="0" covered="3"/><counter type="LINE" missed="0" covered="1"/><counter type="COMPLEXITY" missed="0" covered="1"/><counter type="METHOD" missed="0" covered="1"/></method><method name="generateToken" desc="(Ljava/lang/String;Ljava/lang/Long;Ljava/lang/String;)Ljava/lang/String;" line="38"><counter type="INSTRUCTION" missed="0" covered="19"/><counter type="LINE" missed="0" covered="4"/><counter type="COMPLEXITY" missed="0" covered="1"/><counter type="METHOD" missed="0" covered="1"/></method><method name="createToken" desc="(Ljava/util/Map;Ljava/lang/String;)Ljava/lang/String;" line="52"><counter type="INSTRUCTION" missed="0" covered="28"/><counter type="LINE" missed="0" covered="9"/><counter type="COMPLEXITY" missed="0" covered="1"/><counter type="METHOD" missed="0" covered="1"/></method><method name="extractUsername" desc="(Ljava/lang/String;)Ljava/lang/String;" line="71"><counter type="INSTRUCTION" missed="0" covered="6"/><counter type="LINE" missed="0" covered="1"/><counter type="COMPLEXITY" missed="0" covered="1"/><counter type="METHOD" missed="0" covered="1"/></method><method name="extractUserId" desc="(Ljava/lang/String;)Ljava/lang/Long;" line="81"><counter type="INSTRUCTION" missed="0" covered="6"/><counter type="LINE" missed="0" covered="1"/><counter type="COMPLEXITY" missed="0" covered="1"/><counter type="METHOD" missed="0" covered="1"/></method><method name="extractRole" desc="(Ljava/lang/String;)Ljava/lang/String;" line="91"><counter type="INSTRUCTION" missed="0" covered="6"/><counter type="LINE" missed="0" covered="1"/><counter type="COMPLEXITY" missed="0" covered="1"/><counter type="METHOD" missed="0" covered="1"/></method><method name="extractClaim" desc="(Ljava/lang/String;Ljava/util/function/Function;)Ljava/lang/Object;" line="103"><counter type="INSTRUCTION" missed="0" covered="8"/><counter type="LINE" missed="0" covered="2"/><counter type="COMPLEXITY" missed="0" covered="1"/><counter type="METHOD" missed="0" covered="1"/></method><method name="extractAllClaims" desc="(Ljava/lang/String;)Lio/jsonwebtoken/Claims;" line="114"><counter type="INSTRUCTION" missed="0" covered="10"/><counter type="LINE" missed="0" covered="5"/><counter type="COMPLEXITY" missed="0" covered="1"/><counter type="METHOD" missed="0" covered="1"/></method><method name="validateToken" desc="(Ljava/lang/String;Ljava/lang/String;)Z" line="129"><counter type="INSTRUCTION" missed="0" covered="16"/><counter type="BRANCH" missed="1" covered="3"/><counter type="LINE" missed="0" covered="2"/><counter type="COMPLEXITY" missed="1" covered="2"/><counter type="METHOD" missed="0" covered="1"/></method><method name="isTokenExpired" desc="(Ljava/lang/String;)Z" line="140"><counter type="INSTRUCTION" missed="0" covered="8"/><counter type="LINE" missed="0" covered="1"/><counter type="COMPLEXITY" missed="0" covered="1"/><counter type="METHOD" missed="0" covered="1"/></method><method name="extractExpiration" desc="(Ljava/lang/String;)Ljava/util/Date;" line="150"><counter type="INSTRUCTION" missed="0" covered="6"/><counter type="LINE" missed="0" covered="1"/><counter type="COMPLEXITY" missed="0" covered="1"/><counter type="METHOD" missed="0" covered="1"/></method><method name="getSigningKey" desc="()Ljavax/crypto/SecretKey;" line="159"><counter type="INSTRUCTION" missed="0" covered="8"/><counter type="LINE" missed="0" covered="2"/><counter type="COMPLEXITY" missed="0" covered="1"/><counter type="METHOD" missed="0" covered="1"/></method><method name="lambda$extractRole$0" desc="(Lio/jsonwebtoken/Claims;)Ljava/lang/String;" line="91"><counter type="INSTRUCTION" missed="0" covered="6"/><counter type="LINE" missed="0" covered="1"/><counter type="COMPLEXITY" missed="0" covered="1"/><counter type="METHOD" missed="0" covered="1"/></method><method name="lambda$extractUserId$0" desc="(Lio/jsonwebtoken/Claims;)Ljava/lang/Long;" line="81"><counter type="INSTRUCTION" missed="0" covered="6"/><counter type="LINE" missed="0" covered="1"/><counter type="COMPLEXITY" missed="0" covered="1"/><counter type="METHOD" missed="0" covered="1"/></method><counter type="INSTRUCTION" missed="0" covered="136"/><counter type="BRANCH" missed="1" covered="3"/><counter type="LINE" missed="0" covered="30"/><counter type="COMPLEXITY" missed="1" covered="15"/><counter type="METHOD" missed="0" covered="14"/><counter type="CLASS" missed="0" covered="1"/></class><class name="dev/coms4156/project/service/RagService" sourcefilename="RagService.java"><method name="queryWithRag" desc="(Ljava/lang/String;)Ljava/lang/String;" line="32"><counter type="INSTRUCTION" missed="0" covered="43"/><counter type="BRANCH" missed="0" covered="2"/><counter type="LINE" missed="0" covered="10"/><counter type="COMPLEXITY" missed="0" covered="2"/><counter type="METHOD" missed="0" covered="1"/></method><method name="queryDirect" desc="(Ljava/lang/String;)Ljava/lang/String;" line="57"><counter type="INSTRUCTION" missed="12" covered="0"/><counter type="LINE" missed="5" covered="0"/><counter type="COMPLEXITY" missed="1" covered="0"/><counter type="METHOD" missed="1" covered="0"/></method><method name="searchSimilarDocuments" desc="(Ljava/lang/String;I)Ljava/util/List;" line="73"><counter type="INSTRUCTION" missed="0" covered="10"/><counter type="LINE" missed="0" covered="2"/><counter type="COMPLEXITY" missed="0" covered="1"/><counter type="METHOD" missed="0" covered="1"/></method><method name="getVectorStoreStats" desc="()Ljava/util/Map;" line="84"><counter type="INSTRUCTION" missed="0" covered="73"/><counter type="BRANCH" missed="0" covered="2"/><counter type="LINE" missed="0" covered="15"/><counter type="COMPLEXITY" missed="0" covered="2"/><counter type="METHOD" missed="0" covered="1"/></method><method name="&lt;clinit&gt;" desc="()V" line="16"><counter type="INSTRUCTION" missed="0" covered="4"/><counter type="LINE" missed="0" covered="1"/><counter type="COMPLEXITY" missed="0" covered="1"/><counter type="METHOD" missed="0" covered="1"/></method><counter type="INSTRUCTION" missed="12" covered="130"/><counter type="BRANCH" missed="0" covered="4"/><counter type="LINE" missed="5" covered="28"/><counter type="COMPLEXITY" missed="1" covered="6"/><counter type="METHOD" missed="1" covered="4"/><counter type="CLASS" missed="0" covered="1"/></class><class name="dev/coms4156/project/service/DocumentChunkingService" sourcefilename="DocumentChunkingService.java"><method name="&lt;init&gt;" desc="(Ldev/coms4156/project/repository/DocumentChunkRepository;)V" line="30"><counter type="INSTRUCTION" missed="0" covered="6"/><counter type="LINE" missed="0" covered="3"/><counter type="COMPLEXITY" missed="0" covered="1"/><counter type="METHOD" missed="0" covered="1"/></method><method name="chunkDocument" desc="(Ldev/coms4156/project/model/Document;Ljava/lang/Integer;Ljava/lang/Integer;)Ljava/util/List;" line="46"><counter type="INSTRUCTION" missed="2" covered="130"/><counter type="BRANCH" missed="5" covered="15"/><counter type="LINE" missed="0" covered="35"/><counter type="COMPLEXITY" missed="5" covered="6"/><counter type="METHOD" missed="0" covered="1"/></method><method name="chunkDocument" desc="(Ldev/coms4156/project/model/Document;)Ljava/util/List;" line="114"><counter type="INSTRUCTION" missed="0" covered="8"/><counter type="LINE" missed="0" covered="1"/><counter type="COMPLEXITY" missed="0" covered="1"/><counter type="METHOD" missed="0" covered="1"/></method><method name="findLastSentenceEnd" desc="(Ljava/lang/String;)I" line="124"><counter type="INSTRUCTION" missed="0" covered="15"/><counter type="BRANCH" missed="0" covered="2"/><counter type="LINE" missed="0" covered="5"/><counter type="COMPLEXITY" missed="0" covered="2"/><counter type="METHOD" missed="0" covered="1"/></method><method name="getChunksForDocument" desc="(Ldev/coms4156/project/model/Document;)Ljava/util/List;" line="141"><counter type="INSTRUCTION" missed="0" covered="5"/><counter type="LINE" missed="0" covered="1"/><counter type="COMPLEXITY" missed="0" covered="1"/><counter type="METHOD" missed="0" covered="1"/></method><method name="getChunksForDocument" desc="(Ljava/lang/Long;)Ljava/util/List;" line="151"><counter type="INSTRUCTION" missed="5" covered="0"/><counter type="LINE" missed="1" covered="0"/><counter type="COMPLEXITY" missed="1" covered="0"/><counter type="METHOD" missed="1" covered="0"/></method><method name="deleteChunksForDocument" desc="(Ldev/coms4156/project/model/Document;)V" line="161"><counter type="INSTRUCTION" missed="0" covered="5"/><counter type="LINE" missed="0" covered="2"/><counter type="COMPLEXITY" missed="0" covered="1"/><counter type="METHOD" missed="0" covered="1"/></method><method name="getChunkStatistics" desc="(Ldev/coms4156/project/model/Document;)Ldev/coms4156/project/service/DocumentChunkingService$ChunkStatistics;" line="171"><counter type="INSTRUCTION" missed="9" covered="45"/><counter type="BRANCH" missed="1" covered="1"/><counter type="LINE" missed="1" covered="8"/><counter type="COMPLEXITY" missed="1" covered="1"/><counter type="METHOD" missed="0" covered="1"/></method><method name="&lt;clinit&gt;" desc="()V" line="23"><counter type="INSTRUCTION" missed="0" covered="4"/><counter type="LINE" missed="0" covered="1"/><counter type="COMPLEXITY" missed="0" covered="1"/><counter type="METHOD" missed="0" covered="1"/></method><counter type="INSTRUCTION" missed="16" covered="218"/><counter type="BRANCH" missed="6" covered="18"/><counter type="LINE" missed="2" covered="56"/><counter type="COMPLEXITY" missed="7" covered="14"/><counter type="METHOD" missed="1" covered="8"/><counter type="CLASS" missed="0" covered="1"/></class><class name="dev/coms4156/project/service/DocumentService" sourcefilename="DocumentService.java"><method name="&lt;init&gt;" desc="(Ldev/coms4156/project/repository/DocumentRepository;Ldev/coms4156/project/repository/DocumentChunkRepository;Ldev/coms4156/project/repository/DocumentRelationshipRepository;Ldev/coms4156/project/service/DocumentTextExtractionService;Ldev/coms4156/project/service/DocumentChunkingService;Ldev/coms4156/project/service/SimpleEmbeddingService;)V" line="65"><counter type="INSTRUCTION" missed="0" covered="21"/><counter type="LINE" missed="0" covered="8"/><counter type="COMPLEXITY" missed="0" covered="1"/><counter type="METHOD" missed="0" covered="1"/></method><method name="processDocument" desc="(Lorg/springframework/web/multipart/MultipartFile;)Ldev/coms4156/project/model/Document;" line="79"><counter type="INSTRUCTION" missed="0" covered="187"/><counter type="BRANCH" missed="0" covered="10"/><counter type="LINE" missed="0" covered="43"/><counter type="COMPLEXITY" missed="0" covered="6"/><counter type="METHOD" missed="0" covered="1"/></method><method name="getDocumentById" desc="(Ljava/lang/Long;)Ljava/util/Optional;" line="158"><counter type="INSTRUCTION" missed="0" covered="5"/><counter type="LINE" missed="0" covered="1"/><counter type="COMPLEXITY" missed="0" covered="1"/><counter type="METHOD" missed="0" covered="1"/></method><method name="getAllDocuments" desc="()Ljava/util/List;" line="167"><counter type="INSTRUCTION" missed="0" covered="4"/><counter type="LINE" missed="0" covered="1"/><counter type="COMPLEXITY" missed="0" covered="1"/><counter type="METHOD" missed="0" covered="1"/></method><method name="getDocumentsByFilename" desc="(Ljava/lang/String;)Ljava/util/List;" line="176"><counter type="INSTRUCTION" missed="0" covered="5"/><counter type="LINE" missed="0" covered="1"/><counter type="COMPLEXITY" missed="0" covered="1"/><counter type="METHOD" missed="0" covered="1"/></method><method name="getDocumentsByStatus" desc="(Ldev/coms4156/project/model/Document$ProcessingStatus;)Ljava/util/List;" line="186"><counter type="INSTRUCTION" missed="0" covered="5"/><counter type="LINE" missed="0" covered="1"/><counter type="COMPLEXITY" missed="0" covered="1"/><counter type="METHOD" missed="0" covered="1"/></method><method name="deleteDocument" desc="(Ljava/lang/Long;)V" line="203"><counter type="INSTRUCTION" missed="0" covered="50"/><counter type="BRANCH" missed="0" covered="6"/><counter type="LINE" missed="0" covered="14"/><counter type="COMPLEXITY" missed="0" covered="4"/><counter type="METHOD" missed="0" covered="1"/></method><method name="getDocumentChunks" desc="(Ljava/lang/Long;)Ljava/util/List;" line="239"><counter type="INSTRUCTION" missed="0" covered="5"/><counter type="LINE" missed="0" covered="1"/><counter type="COMPLEXITY" missed="0" covered="1"/><counter type="METHOD" missed="0" covered="1"/></method><method name="getChunkStatistics" desc="(Ljava/lang/Long;)Ldev/coms4156/project/service/DocumentChunkingService$ChunkStatistics;" line="252"><counter type="INSTRUCTION" missed="0" covered="20"/><counter type="BRANCH" missed="0" covered="2"/><counter type="LINE" missed="0" covered="4"/><counter type="COMPLEXITY" missed="0" covered="2"/><counter type="METHOD" missed="0" covered="1"/></method><method name="generateEmbeddingsForDocument" desc="(Ljava/lang/Long;)I" line="268"><counter type="INSTRUCTION" missed="0" covered="5"/><counter type="LINE" missed="0" covered="1"/><counter type="COMPLEXITY" missed="0" covered="1"/><counter type="METHOD" missed="0" covered="1"/></method><method name="findSimilarChunks" desc="(Ljava/lang/String;I)Ljava/util/List;" line="279"><counter type="INSTRUCTION" missed="0" covered="6"/><counter type="LINE" missed="0" covered="1"/><counter type="COMPLEXITY" missed="0" covered="1"/><counter type="METHOD" missed="0" covered="1"/></method><method name="generateSummary" desc="(Ljava/lang/String;)Ljava/lang/String;" line="291"><counter type="INSTRUCTION" missed="2" covered="40"/><counter type="BRANCH" missed="2" covered="6"/><counter type="LINE" missed="1" covered="9"/><counter type="COMPLEXITY" missed="2" covered="3"/><counter type="METHOD" missed="0" covered="1"/></method><counter type="INSTRUCTION" missed="2" covered="353"/><counter type="BRANCH" missed="2" covered="24"/><counter type="LINE" missed="1" covered="85"/><counter type="COMPLEXITY" missed="2" covered="23"/><counter type="METHOD" missed="0" covered="12"/><counter type="CLASS" missed="0" covered="1"/></class><class name="dev/coms4156/project/service/AuthenticationService" sourcefilename="AuthenticationService.java"><method name="&lt;init&gt;" desc="(Ldev/coms4156/project/repository/UserRepository;Lorg/springframework/security/crypto/password/PasswordEncoder;Ldev/coms4156/project/service/JwtService;)V" line="32"><counter type="INSTRUCTION" missed="0" covered="12"/><counter type="LINE" missed="0" covered="5"/><counter type="COMPLEXITY" missed="0" covered="1"/><counter type="METHOD" missed="0" covered="1"/></method><method name="register" desc="(Ldev/coms4156/project/dtos/RegisterRequest;)Ldev/coms4156/project/dtos/AuthResponse;" line="48"><counter type="INSTRUCTION" missed="0" covered="76"/><counter type="BRANCH" missed="0" covered="4"/><counter type="LINE" missed="0" covered="21"/><counter type="COMPLEXITY" missed="0" covered="3"/><counter type="METHOD" missed="0" covered="1"/></method><method name="login" desc="(Ldev/coms4156/project/dtos/LoginRequest;)Ldev/coms4156/project/dtos/AuthResponse;" line="89"><counter type="INSTRUCTION" missed="0" covered="68"/><counter type="BRANCH" missed="0" covered="6"/><counter type="LINE" missed="0" covered="17"/><counter type="COMPLEXITY" missed="0" covered="4"/><counter type="METHOD" missed="0" covered="1"/></method><method name="validateToken" desc="(Ljava/lang/String;)Ldev/coms4156/project/model/User;" line="129"><counter type="INSTRUCTION" missed="0" covered="52"/><counter type="BRANCH" missed="0" covered="6"/><counter type="LINE" missed="0" covered="12"/><counter type="COMPLEXITY" missed="0" covered="4"/><counter type="METHOD" missed="0" covered="1"/></method><counter type="INSTRUCTION" missed="0" covered="208"/><counter type="BRANCH" missed="0" covered="16"/><counter type="LINE" missed="0" covered="55"/><counter type="COMPLEXITY" missed="0" covered="12"/><counter type="METHOD" missed="0" covered="4"/><counter type="CLASS" missed="0" covered="1"/></class><sourcefile name="AuthenticationService.java"><line nr="32" mi="0" ci="2" mb="0" cb="0"/><line nr="33" mi="0" ci="3" mb="0" cb="0"/><line nr="34" mi="0" ci="3" mb="0" cb="0"/><line nr="35" mi="0" ci="3" mb="0" cb="0"/><line nr="36" mi="0" ci="1" mb="0" cb="0"/><line nr="48" mi="0" ci="6" mb="0" cb="2"/><line nr="49" mi="0" ci="5" mb="0" cb="0"/><line nr="53" mi="0" ci="6" mb="0" cb="2"/><line nr="54" mi="0" ci="5" mb="0" cb="0"/><line nr="58" mi="0" ci="2" mb="0" cb="0"/><line nr="59" mi="0" ci="3" mb="0" cb="0"/><line nr="60" mi="0" ci="5" mb="0" cb="0"/><line nr="61" mi="0" ci="4" mb="0" cb="0"/><line nr="62" mi="0" ci="2" mb="0" cb="0"/><line nr="63" mi="0" ci="2" mb="0" cb="0"/><line nr="64" mi="0" ci="2" mb="0" cb="0"/><line nr="66" mi="0" ci="6" mb="0" cb="0"/><line nr="69" mi="0" ci="9" mb="0" cb="0"/><line nr="70" mi="0" ci="2" mb="0" cb="0"/><line nr="72" mi="0" ci="3" mb="0" cb="0"/><line nr="73" mi="0" ci="2" mb="0" cb="0"/><line nr="74" mi="0" ci="3" mb="0" cb="0"/><line nr="75" mi="0" ci="3" mb="0" cb="0"/><line nr="76" mi="0" ci="4" mb="0" cb="0"/><line nr="77" mi="0" ci="1" mb="0" cb="0"/><line nr="78" mi="0" ci="1" mb="0" cb="0"/><line nr="89" mi="0" ci="6" mb="0" cb="0"/><line nr="91" mi="0" ci="3" mb="0" cb="2"/><line nr="92" mi="0" ci="5" mb="0" cb="0"/><line nr="95" mi="0" ci="4" mb="0" cb="0"/><line nr="98" mi="0" ci="4" mb="0" cb="2"/><line nr="99" mi="0" ci="5" mb="0" cb="0"/><line nr="103" mi="0" ci="8" mb="0" cb="2"/><line nr="104" mi="0" ci="5" mb="0" cb="0"/><line nr="108" mi="0" ci="9" mb="0" cb="0"/><line nr="109" mi="0" ci="2" mb="0" cb="0"/><line nr="111" mi="0" ci="3" mb="0" cb="0"/><line nr="112" mi="0" ci="2" mb="0" cb="0"/><line nr="113" mi="0" ci="3" mb="0" cb="0"/><line nr="114" mi="0" ci="3" mb="0" cb="0"/><line nr="115" mi="0" ci="4" mb="0" cb="0"/><line nr="116" mi="0" ci="1" mb="0" cb="0"/><line nr="117" mi="0" ci="1" mb="0" cb="0"/><line nr="129" mi="0" ci="5" mb="0" cb="0"/><line nr="130" mi="0" ci="5" mb="0" cb="0"/><line nr="132" mi="0" ci="3" mb="0" cb="2"/><line nr="133" mi="0" ci="5" mb="0" cb="0"/><line nr="136" mi="0" ci="4" mb="0" cb="0"/><line nr="138" mi="0" ci="4" mb="0" cb="2"/><line nr="139" mi="0" ci="5" mb="0" cb="0"/><line nr="142" mi="0" ci="6" mb="0" cb="2"/><line nr="143" mi="0" ci="5" mb="0" cb="0"/><line nr="146" mi="0" ci="2" mb="0" cb="0"/><line nr="147" mi="0" ci="1" mb="0" cb="0"/><line nr="148" mi="0" ci="7" mb="0" cb="0"/><counter type="INSTRUCTION" missed="0" covered="208"/><counter type="BRANCH" missed="0" covered="16"/><counter type="LINE" missed="0" covered="55"/><counter type="COMPLEXITY" missed="0" covered="12"/><counter type="METHOD" missed="0" covered="4"/><counter type="CLASS" missed="0" covered="1"/></sourcefile><sourcefile name="DocumentTextExtractionService.java"><line nr="18" mi="0" ci="2" mb="0" cb="0"/><line nr="19" mi="0" ci="5" mb="0" cb="0"/><line nr="20" mi="0" ci="1" mb="0" cb="0"/><line nr="31" mi="0" ci="5" mb="0" cb="4"/><line nr="32" mi="0" ci="5" mb="0" cb="0"/><line nr="35" mi="0" ci="3" mb="0" cb="0"/><line nr="37" mi="0" ci="5" mb="0" cb="0"/><line nr="40" mi="0" ci="6" mb="0" cb="0"/><line nr="53" mi="2" ci="0" mb="2" cb="0"/><line nr="54" mi="5" ci="0" mb="0" cb="0"/><line nr="57" mi="5" ci="0" mb="0" cb="0"/><line nr="58" mi="4" ci="0" mb="0" cb="0"/><line nr="69" mi="0" ci="5" mb="2" cb="2"/><line nr="70" mi="5" ci="0" mb="0" cb="0"/><line nr="73" mi="0" ci="3" mb="0" cb="0"/><line nr="74" mi="0" ci="9" mb="0" cb="0"/><line nr="85" mi="0" ci="6" mb="1" cb="3"/><line nr="86" mi="0" ci="2" mb="0" cb="0"/><line nr="90" mi="0" ci="4" mb="0" cb="0"/><line nr="91" mi="0" ci="3" mb="0" cb="0"/><line nr="92" mi="0" ci="3" mb="0" cb="0"/><line nr="93" mi="0" ci="3" mb="0" cb="0"/><line nr="94" mi="0" ci="1" mb="0" cb="0"/><line nr="95" mi="0" ci="1" mb="0" cb="0"/><line nr="105" mi="0" ci="2" mb="0" cb="2"/><line nr="106" mi="0" ci="2" mb="0" cb="0"/><line nr="110" mi="0" ci="11" mb="0" cb="4"/><line nr="111" mi="0" ci="4" mb="0" cb="2"/><line nr="112" mi="0" ci="4" mb="0" cb="2"/><line nr="114" mi="0" ci="4" mb="0" cb="2"/><line nr="115" mi="0" ci="4" mb="0" cb="2"/><line nr="116" mi="0" ci="4" mb="0" cb="2"/><line nr="117" mi="0" ci="4" mb="0" cb="2"/><line nr="119" mi="0" ci="4" mb="0" cb="2"/><line nr="120" mi="0" ci="4" mb="1" cb="1"/><line nr="121" mi="0" ci="4" mb="1" cb="1"/><line nr="122" mi="0" ci="4" mb="1" cb="1"/><line nr="123" mi="0" ci="5" mb="0" cb="2"/><counter type="INSTRUCTION" missed="21" covered="132"/><counter type="BRANCH" missed="8" covered="34"/><counter type="LINE" missed="5" covered="33"/><counter type="COMPLEXITY" missed="8" covered="19"/><counter type="METHOD" missed="1" covered="5"/><counter type="CLASS" missed="0" covered="1"/></sourcefile><sourcefile name="RagService.java"><line nr="16" mi="0" ci="4" mb="0" cb="0"/><line nr="32" mi="0" ci="4" mb="0" cb="0"/><line nr="35" mi="0" ci="6" mb="0" cb="0"/><line nr="38" mi="0" ci="4" mb="0" cb="0"/><line nr="39" mi="0" ci="10" mb="0" cb="2"/><line nr="40" mi="0" ci="7" mb="0" cb="0"/><line nr="41" mi="0" ci="1" mb="0" cb="0"/><line nr="44" mi="0" ci="5" mb="0" cb="0"/><line nr="45" mi="0" ci="4" mb="0" cb="0"/><line nr="46" mi="0" ci="1" mb="0" cb="0"/><line nr="47" mi="0" ci="1" mb="0" cb="0"/><line nr="57" mi="4" ci="0" mb="0" cb="0"/><line nr="59" mi="5" ci="0" mb="0" cb="0"/><line nr="60" mi="1" ci="0" mb="0" cb="0"/><line nr="61" mi="1" ci="0" mb="0" cb="0"/><line nr="62" mi="1" ci="0" mb="0" cb="0"/><line nr="73" mi="0" ci="4" mb="0" cb="0"/><line nr="75" mi="0" ci="6" mb="0" cb="0"/><line nr="84" mi="0" ci="4" mb="0" cb="0"/><line nr="87" mi="0" ci="4" mb="0" cb="0"/><line nr="88" mi="0" ci="5" mb="0" cb="0"/><line nr="90" mi="0" ci="5" mb="0" cb="0"/><line nr="91" mi="0" ci="5" mb="0" cb="0"/><line nr="92" mi="0" ci="5" mb="0" cb="0"/><line nr="93" mi="0" ci="6" mb="0" cb="0"/><line nr="94" mi="0" ci="6" mb="0" cb="0"/><line nr="95" mi="0" ci="6" mb="0" cb="0"/><line nr="96" mi="0" ci="4" mb="0" cb="0"/><line nr="97" mi="0" ci="12" mb="0" cb="2"/><line nr="98" mi="0" ci="1" mb="0" cb="0"/><line nr="99" mi="0" ci="7" mb="0" cb="0"/><line nr="100" mi="0" ci="1" mb="0" cb="0"/><line nr="102" mi="0" ci="2" mb="0" cb="0"/><counter type="INSTRUCTION" missed="12" covered="130"/><counter type="BRANCH" missed="0" covered="4"/><counter type="LINE" missed="5" covered="28"/><counter type="COMPLEXITY" missed="1" covered="6"/><counter type="METHOD" missed="1" covered="4"/><counter type="CLASS" missed="0" covered="1"/></sourcefile><sourcefile name="DocumentSummarizationService.java"><line nr="19" mi="0" ci="2" mb="0" cb="0"/><line nr="20" mi="0" ci="3" mb="0" cb="0"/><line nr="21" mi="0" ci="3" mb="0" cb="0"/><line nr="22" mi="0" ci="1" mb="0" cb="0"/><line nr="29" mi="0" ci="5" mb="0" cb="0"/><line nr="31" mi="0" ci="3" mb="0" cb="0"/><line nr="32" mi="0" ci="6" mb="0" cb="4"/><line nr="33" mi="0" ci="5" mb="0" cb="0"/><line nr="34" mi="0" ci="2" mb="0" cb="0"/><line nr="38" mi="0" ci="4" mb="0" cb="0"/><line nr="41" mi="0" ci="3" mb="0" cb="0"/><line nr="42" mi="0" ci="5" mb="0" cb="0"/><line nr="44" mi="0" ci="5" mb="0" cb="0"/><line nr="45" mi="0" ci="2" mb="0" cb="0"/><line nr="47" mi="1" ci="0" mb="0" cb="0"/><line nr="48" mi="3" ci="0" mb="0" cb="0"/><line nr="49" mi="4" ci="0" mb="0" cb="0"/><line nr="50" mi="6" ci="0" mb="0" cb="0"/><line nr="58" mi="0" ci="5" mb="0" cb="0"/><line nr="62" mi="0" ci="5" mb="0" cb="0"/><line nr="63" mi="1" ci="0" mb="0" cb="0"/><line nr="64" mi="1" ci="0" mb="0" cb="0"/><line nr="65" mi="2" ci="0" mb="0" cb="0"/><line nr="67" mi="2" ci="0" mb="2" cb="0"/><line nr="68" mi="3" ci="0" mb="0" cb="0"/><line nr="69" mi="4" ci="0" mb="0" cb="0"/><line nr="72" mi="5" ci="0" mb="0" cb="0"/><line nr="73" mi="2" ci="0" mb="0" cb="0"/><line nr="75" mi="0" ci="1" mb="0" cb="0"/><line nr="76" mi="0" ci="5" mb="0" cb="0"/><line nr="78" mi="0" ci="4" mb="0" cb="0"/><line nr="86" mi="0" ci="5" mb="0" cb="0"/><line nr="89" mi="0" ci="4" mb="0" cb="2"/><line nr="90" mi="0" ci="2" mb="0" cb="0"/><line nr="93" mi="0" ci="6" mb="0" cb="0"/><line nr="94" mi="0" ci="5" mb="0" cb="0"/><line nr="95" mi="0" ci="2" mb="0" cb="0"/><line nr="102" mi="0" ci="6" mb="0" cb="0"/><line nr="103" mi="0" ci="2" mb="0" cb="0"/><line nr="104" mi="0" ci="2" mb="0" cb="0"/><counter type="INSTRUCTION" missed="34" covered="103"/><counter type="BRANCH" missed="2" covered="6"/><counter type="LINE" missed="12" covered="28"/><counter type="COMPLEXITY" missed="1" covered="8"/><counter type="METHOD" missed="0" covered="5"/><counter type="CLASS" missed="0" covered="1"/></sourcefile><sourcefile name="DocumentService.java"><line nr="65" mi="0" ci="2" mb="0" cb="0"/><line nr="66" mi="0" ci="3" mb="0" cb="0"/><line nr="67" mi="0" ci="3" mb="0" cb="0"/><line nr="68" mi="0" ci="3" mb="0" cb="0"/><line nr="69" mi="0" ci="3" mb="0" cb="0"/><line nr="70" mi="0" ci="3" mb="0" cb="0"/><line nr="71" mi="0" ci="3" mb="0" cb="0"/><line nr="72" mi="0" ci="1" mb="0" cb="0"/><line nr="79" mi="0" ci="5" mb="0" cb="0"/><line nr="82" mi="0" ci="3" mb="0" cb="2"/><line nr="83" mi="0" ci="5" mb="0" cb="0"/><line nr="87" mi="0" ci="5" mb="0" cb="0"/><line nr="88" mi="0" ci="5" mb="0" cb="2"/><line nr="89" mi="0" ci="6" mb="0" cb="0"/><line nr="93" mi="0" ci="4" mb="0" cb="0"/><line nr="94" mi="0" ci="4" mb="0" cb="0"/><line nr="95" mi="0" ci="5" mb="0" cb="0"/><line nr="96" mi="0" ci="3" mb="0" cb="0"/><line nr="97" mi="0" ci="3" mb="0" cb="0"/><line nr="100" mi="0" ci="6" mb="0" cb="0"/><line nr="104" mi="0" ci="5" mb="0" cb="0"/><line nr="105" mi="0" ci="5" mb="0" cb="0"/><line nr="107" mi="0" ci="6" mb="0" cb="4"/><line nr="108" mi="0" ci="5" mb="0" cb="0"/><line nr="111" mi="0" ci="3" mb="0" cb="0"/><line nr="112" mi="0" ci="3" mb="0" cb="0"/><line nr="113" mi="0" ci="6" mb="0" cb="0"/><line nr="116" mi="0" ci="5" mb="0" cb="0"/><line nr="117" mi="0" ci="5" mb="0" cb="0"/><line nr="119" mi="0" ci="3" mb="0" cb="2"/><line nr="120" mi="0" ci="5" mb="0" cb="0"/><line nr="124" mi="0" ci="5" mb="0" cb="0"/><line nr="125" mi="0" ci="5" mb="0" cb="0"/><line nr="127" mi="0" ci="3" mb="0" cb="0"/><line nr="128" mi="0" ci="6" mb="0" cb="0"/><line nr="130" mi="0" ci="3" mb="0" cb="0"/><line nr="131" mi="0" ci="6" mb="0" cb="0"/><line nr="134" mi="0" ci="5" mb="0" cb="0"/><line nr="135" mi="0" ci="4" mb="0" cb="0"/><line nr="137" mi="0" ci="3" mb="0" cb="0"/><line nr="138" mi="0" ci="3" mb="0" cb="0"/><line nr="139" mi="0" ci="6" mb="0" cb="0"/><line nr="141" mi="0" ci="5" mb="0" cb="0"/><line nr="142" mi="0" ci="2" mb="0" cb="0"/><line nr="143" mi="0" ci="2" mb="0" cb="0"/><line nr="145" mi="0" ci="1" mb="0" cb="0"/><line nr="146" mi="0" ci="7" mb="0" cb="0"/><line nr="147" mi="0" ci="2" mb="0" cb="0"/><line nr="148" mi="0" ci="3" mb="0" cb="0"/><line nr="149" mi="0" ci="5" mb="0" cb="0"/><line nr="150" mi="0" ci="6" mb="0" cb="0"/><line nr="158" mi="0" ci="5" mb="0" cb="0"/><line nr="167" mi="0" ci="4" mb="0" cb="0"/><line nr="176" mi="0" ci="5" mb="0" cb="0"/><line nr="186" mi="0" ci="5" mb="0" cb="0"/><line nr="203" mi="0" ci="5" mb="0" cb="0"/><line nr="204" mi="0" ci="3" mb="0" cb="2"/><line nr="205" mi="0" ci="4" mb="0" cb="0"/><line nr="206" mi="0" ci="1" mb="0" cb="0"/><line nr="209" mi="0" ci="4" mb="0" cb="0"/><line nr="214" mi="0" ci="5" mb="0" cb="0"/><line nr="215" mi="0" ci="2" mb="0" cb="2"/><line nr="216" mi="0" ci="5" mb="0" cb="0"/><line nr="221" mi="0" ci="5" mb="0" cb="0"/><line nr="222" mi="0" ci="2" mb="0" cb="2"/><line nr="223" mi="0" ci="5" mb="0" cb="0"/><line nr="227" mi="0" ci="4" mb="0" cb="0"/><line nr="228" mi="0" ci="4" mb="0" cb="0"/><line nr="229" mi="0" ci="1" mb="0" cb="0"/><line nr="239" mi="0" ci="5" mb="0" cb="0"/><line nr="252" mi="0" ci="4" mb="0" cb="0"/><line nr="253" mi="0" ci="3" mb="0" cb="2"/><line nr="254" mi="0" ci="6" mb="0" cb="0"/><line nr="256" mi="0" ci="7" mb="0" cb="0"/><line nr="268" mi="0" ci="5" mb="0" cb="0"/><line nr="279" mi="0" ci="6" mb="0" cb="0"/><line nr="291" mi="0" ci="6" mb="2" cb="2"/><line nr="292" mi="2" ci="0" mb="0" cb="0"/><line nr="296" mi="0" ci="6" mb="0" cb="0"/><line nr="297" mi="0" ci="4" mb="0" cb="2"/><line nr="298" mi="0" ci="2" mb="0" cb="0"/><line nr="302" mi="0" ci="5" mb="0" cb="0"/><line nr="303" mi="0" ci="4" mb="0" cb="0"/><line nr="304" mi="0" ci="3" mb="0" cb="2"/><line nr="305" mi="0" ci="7" mb="0" cb="0"/><line nr="308" mi="0" ci="3" mb="0" cb="0"/><counter type="INSTRUCTION" missed="2" covered="353"/><counter type="BRANCH" missed="2" covered="24"/><counter type="LINE" missed="1" covered="85"/><counter type="COMPLEXITY" missed="2" covered="23"/><counter type="METHOD" missed="0" covered="12"/><counter type="CLASS" missed="0" covered="1"/></sourcefile><sourcefile name="JwtService.java"><line nr="19" mi="0" ci="3" mb="0" cb="0"/><line nr="38" mi="0" ci="4" mb="0" cb="0"/><line nr="39" mi="0" ci="5" mb="0" cb="0"/><line nr="40" mi="0" ci="5" mb="0" cb="0"/><line nr="41" mi="0" ci="5" mb="0" cb="0"/><line nr="52" mi="0" ci="4" mb="0" cb="0"/><line nr="53" mi="0" ci="10" mb="0" cb="0"/><line nr="55" mi="0" ci="3" mb="0" cb="0"/><line nr="56" mi="0" ci="2" mb="0" cb="0"/><line nr="57" mi="0" ci="2" mb="0" cb="0"/><line nr="58" mi="0" ci="2" mb="0" cb="0"/><line nr="59" mi="0" ci="2" mb="0" cb="0"/><line nr="60" mi="0" ci="2" mb="0" cb="0"/><line nr="61" mi="0" ci="1" mb="0" cb="0"/><line nr="71" mi="0" ci="6" mb="0" cb="0"/><line nr="81" mi="0" ci="12" mb="0" cb="0"/><line nr="91" mi="0" ci="12" mb="0" cb="0"/><line nr="103" mi="0" ci="4" mb="0" cb="0"/><line nr="104" mi="0" ci="4" mb="0" cb="0"/><line nr="114" mi="0" ci="3" mb="0" cb="0"/><line nr="115" mi="0" ci="2" mb="0" cb="0"/><line nr="116" mi="0" ci="2" mb="0" cb="0"/><line nr="117" mi="0" ci="1" mb="0" cb="0"/><line nr="118" mi="0" ci="2" mb="0" cb="0"/><line nr="129" mi="0" ci="4" mb="0" cb="0"/><line nr="130" mi="0" ci="12" mb="1" cb="3"/><line nr="140" mi="0" ci="8" mb="0" cb="0"/><line nr="150" mi="0" ci="6" mb="0" cb="0"/><line nr="159" mi="0" ci="5" mb="0" cb="0"/><line nr="160" mi="0" ci="3" mb="0" cb="0"/><counter type="INSTRUCTION" missed="0" covered="136"/><counter type="BRANCH" missed="1" covered="3"/><counter type="LINE" missed="0" covered="30"/><counter type="COMPLEXITY" missed="1" covered="15"/><counter type="METHOD" missed="0" covered="14"/><counter type="CLASS" missed="0" covered="1"/></sourcefile><sourcefile name="DocumentChunkingService.java"><line nr="23" mi="0" ci="4" mb="0" cb="0"/><line nr="30" mi="0" ci="2" mb="0" cb="0"/><line nr="31" mi="0" ci="3" mb="0" cb="0"/><line nr="32" mi="0" ci="1" mb="0" cb="0"/><line nr="46" mi="0" ci="6" mb="0" cb="4"/><line nr="47" mi="0" ci="4" mb="0" cb="2"/><line nr="48" mi="0" ci="5" mb="0" cb="0"/><line nr="51" mi="1" ci="6" mb="1" cb="1"/><line nr="52" mi="1" ci="6" mb="1" cb="1"/><line nr="54" mi="0" ci="3" mb="0" cb="0"/><line nr="55" mi="0" ci="4" mb="0" cb="0"/><line nr="58" mi="0" ci="4" mb="0" cb="0"/><line nr="60" mi="0" ci="2" mb="0" cb="0"/><line nr="61" mi="0" ci="2" mb="0" cb="0"/><line nr="63" mi="0" ci="4" mb="0" cb="2"/><line nr="64" mi="0" ci="7" mb="0" cb="0"/><line nr="67" mi="0" ci="4" mb="0" cb="2"/><line nr="68" mi="0" ci="5" mb="0" cb="0"/><line nr="69" mi="0" ci="4" mb="0" cb="0"/><line nr="72" mi="0" ci="8" mb="1" cb="1"/><line nr="73" mi="0" ci="4" mb="0" cb="0"/><line nr="77" mi="0" ci="6" mb="0" cb="0"/><line nr="79" mi="0" ci="3" mb="1" cb="1"/><line nr="80" mi="0" ci="2" mb="0" cb="0"/><line nr="81" mi="0" ci="2" mb="0" cb="0"/><line nr="82" mi="0" ci="3" mb="0" cb="0"/><line nr="83" mi="0" ci="2" mb="0" cb="0"/><line nr="84" mi="0" ci="4" mb="0" cb="0"/><line nr="85" mi="0" ci="3" mb="0" cb="0"/><line nr="86" mi="0" ci="3" mb="0" cb="0"/><line nr="87" mi="0" ci="1" mb="0" cb="0"/><line nr="88" mi="0" ci="2" mb="0" cb="0"/><line nr="90" mi="0" ci="4" mb="0" cb="0"/><line nr="91" mi="0" ci="1" mb="0" cb="0"/><line nr="95" mi="0" ci="8" mb="0" cb="0"/><line nr="98" mi="0" ci="3" mb="1" cb="1"/><line nr="99" mi="0" ci="2" mb="0" cb="0"/><line nr="101" mi="0" ci="1" mb="0" cb="0"/><line nr="103" mi="0" ci="2" mb="0" cb="0"/><line nr="114" mi="0" ci="8" mb="0" cb="0"/><line nr="124" mi="0" ci="4" mb="0" cb="0"/><line nr="125" mi="0" ci="2" mb="0" cb="0"/><line nr="127" mi="0" ci="3" mb="0" cb="2"/><line nr="128" mi="0" ci="4" mb="0" cb="0"/><line nr="131" mi="0" ci="2" mb="0" cb="0"/><line nr="141" mi="0" ci="5" mb="0" cb="0"/><line nr="151" mi="5" ci="0" mb="0" cb="0"/><line nr="161" mi="0" ci="4" mb="0" cb="0"/><line nr="162" mi="0" ci="1" mb="0" cb="0"/><line nr="171" mi="0" ci="4" mb="0" cb="0"/><line nr="173" mi="0" ci="3" mb="1" cb="1"/><line nr="174" mi="9" ci="0" mb="0" cb="0"/><line nr="177" mi="0" ci="3" mb="0" cb="0"/><line nr="178" mi="0" ci="6" mb="0" cb="0"/><line nr="179" mi="0" ci="4" mb="0" cb="0"/><line nr="180" mi="0" ci="8" mb="0" cb="0"/><line nr="181" mi="0" ci="8" mb="0" cb="0"/><line nr="183" mi="0" ci="9" mb="0" cb="0"/><line nr="202" mi="0" ci="2" mb="0" cb="0"/><line nr="203" mi="0" ci="3" mb="0" cb="0"/><line nr="204" mi="0" ci="3" mb="0" cb="0"/><line nr="205" mi="0" ci="3" mb="0" cb="0"/><line nr="206" mi="0" ci="3" mb="0" cb="0"/><line nr="207" mi="0" ci="3" mb="0" cb="0"/><line nr="208" mi="0" ci="1" mb="0" cb="0"/><line nr="216" mi="0" ci="3" mb="0" cb="0"/><line nr="223" mi="0" ci="3" mb="0" cb="0"/><line nr="230" mi="0" ci="3" mb="0" cb="0"/><line nr="237" mi="0" ci="3" mb="0" cb="0"/><line nr="244" mi="0" ci="3" mb="0" cb="0"/><counter type="INSTRUCTION" missed="16" covered="251"/><counter type="BRANCH" missed="6" covered="18"/><counter type="LINE" missed="2" covered="68"/><counter type="COMPLEXITY" missed="7" covered="20"/><counter type="METHOD" missed="1" covered="14"/><counter type="CLASS" missed="0" covered="2"/></sourcefile><sourcefile name="ApiLoggingService.java"><line nr="15" mi="0" ci="3" mb="0" cb="0"/><line nr="17" mi="0" ci="3" mb="0" cb="0"/><line nr="18" mi="0" ci="4" mb="0" cb="0"/><line nr="35" mi="0" ci="31" mb="0" cb="0"/><line nr="39" mi="0" ci="10" mb="0" cb="2"/><line nr="41" mi="0" ci="3" mb="0" cb="0"/><line nr="43" mi="1" ci="0" mb="0" cb="0"/><line nr="44" mi="17" ci="0" mb="0" cb="0"/><line nr="46" mi="0" ci="1" mb="0" cb="0"/><line nr="47" mi="0" ci="1" mb="0" cb="0"/><line nr="64" mi="0" ci="24" mb="0" cb="0"/><line nr="67" mi="0" ci="9" mb="0" cb="0"/><line nr="68" mi="0" ci="10" mb="0" cb="2"/><line nr="70" mi="0" ci="3" mb="0" cb="0"/><line nr="72" mi="1" ci="0" mb="0" cb="0"/><line nr="73" mi="17" ci="0" mb="0" cb="0"/><line nr="75" mi="0" ci="1" mb="0" cb="0"/><line nr="76" mi="0" ci="1" mb="0" cb="0"/><line nr="91" mi="0" ci="27" mb="0" cb="0"/><line nr="95" mi="0" ci="12" mb="0" cb="2"/><line nr="97" mi="0" ci="3" mb="0" cb="0"/><line nr="98" mi="0" ci="21" mb="0" cb="0"/><line nr="101" mi="1" ci="0" mb="0" cb="0"/><line nr="102" mi="17" ci="0" mb="0" cb="0"/><line nr="103" mi="0" ci="1" mb="0" cb="0"/><line nr="104" mi="0" ci="1" mb="0" cb="0"/><line nr="112" mi="0" ci="3" mb="0" cb="0"/><line nr="123" mi="0" ci="6" mb="0" cb="4"/><line nr="124" mi="0" ci="3" mb="0" cb="0"/><line nr="127" mi="0" ci="3" mb="0" cb="2"/><line nr="128" mi="0" ci="6" mb="0" cb="0"/><line nr="129" mi="0" ci="1" mb="0" cb="0"/><counter type="INSTRUCTION" missed="54" covered="191"/><counter type="BRANCH" missed="0" covered="12"/><counter type="LINE" missed="6" covered="26"/><counter type="COMPLEXITY" missed="0" covered="13"/><counter type="METHOD" missed="0" covered="7"/><counter type="CLASS" missed="0" covered="1"/></sourcefile><sourcefile name="SimpleEmbeddingService.java"><line nr="28" mi="0" ci="2" mb="0" cb="0"/><line nr="29" mi="0" ci="3" mb="0" cb="0"/><line nr="30" mi="0" ci="3" mb="0" cb="0"/><line nr="31" mi="0" ci="1" mb="0" cb="0"/><line nr="43" mi="0" ci="6" mb="1" cb="3"/><line nr="44" mi="0" ci="4" mb="0" cb="2"/><line nr="45" mi="0" ci="5" mb="0" cb="0"/><line nr="49" mi="0" ci="3" mb="0" cb="0"/><line nr="50" mi="0" ci="4" mb="0" cb="0"/><line nr="53" mi="0" ci="4" mb="0" cb="0"/><line nr="56" mi="0" ci="4" mb="0" cb="0"/><line nr="57" mi="0" ci="2" mb="0" cb="0"/><line nr="58" mi="0" ci="2" mb="0" cb="0"/><line nr="59" mi="0" ci="4" mb="0" cb="0"/><line nr="61" mi="0" ci="2" mb="0" cb="0"/><line nr="62" mi="0" ci="2" mb="0" cb="0"/><line nr="63" mi="0" ci="1" mb="0" cb="0"/><line nr="66" mi="0" ci="3" mb="0" cb="0"/><line nr="67" mi="0" ci="2" mb="0" cb="0"/><line nr="68" mi="0" ci="1" mb="0" cb="0"/><line nr="69" mi="0" ci="8" mb="0" cb="0"/><line nr="81" mi="0" ci="5" mb="0" cb="4"/><line nr="82" mi="0" ci="4" mb="0" cb="0"/><line nr="85" mi="0" ci="4" mb="0" cb="0"/><line nr="87" mi="0" ci="10" mb="0" cb="2"/><line nr="88" mi="0" ci="8" mb="2" cb="2"/><line nr="90" mi="0" ci="5" mb="0" cb="0"/><line nr="91" mi="0" ci="4" mb="0" cb="0"/><line nr="94" mi="0" ci="4" mb="0" cb="0"/><line nr="95" mi="0" ci="2" mb="0" cb="0"/><line nr="96" mi="0" ci="2" mb="0" cb="0"/><line nr="97" mi="0" ci="4" mb="0" cb="0"/><line nr="99" mi="0" ci="2" mb="0" cb="0"/><line nr="100" mi="0" ci="2" mb="0" cb="0"/><line nr="101" mi="0" ci="1" mb="0" cb="0"/><line nr="104" mi="0" ci="3" mb="0" cb="0"/><line nr="105" mi="0" ci="4" mb="0" cb="0"/><line nr="106" mi="1" ci="0" mb="0" cb="0"/><line nr="107" mi="2" ci="0" mb="0" cb="0"/><line nr="108" mi="3" ci="0" mb="0" cb="0"/><line nr="109" mi="2" ci="0" mb="0" cb="0"/><line nr="111" mi="0" ci="1" mb="0" cb="0"/><line nr="113" mi="0" ci="1" mb="0" cb="0"/><line nr="115" mi="0" ci="2" mb="0" cb="0"/><line nr="127" mi="0" ci="6" mb="0" cb="0"/><line nr="128" mi="0" ci="4" mb="0" cb="0"/><line nr="130" mi="0" ci="7" mb="0" cb="0"/><line nr="131" mi="0" ci="5" mb="0" cb="0"/><line nr="133" mi="0" ci="7" mb="2" cb="2"/><line nr="134" mi="0" ci="7" mb="0" cb="0"/><line nr="135" mi="0" ci="5" mb="0" cb="0"/><line nr="137" mi="0" ci="2" mb="0" cb="0"/><line nr="139" mi="5" ci="0" mb="0" cb="0"/><line nr="141" mi="0" ci="1" mb="0" cb="0"/><line nr="142" mi="0" ci="5" mb="0" cb="0"/><line nr="143" mi="0" ci="8" mb="0" cb="0"/><line nr="155" mi="0" ci="5" mb="2" cb="2"/><line nr="156" mi="5" ci="0" mb="0" cb="0"/><line nr="159" mi="0" ci="5" mb="0" cb="0"/><line nr="160" mi="0" ci="8" mb="0" cb="2"/><line nr="161" mi="0" ci="6" mb="0" cb="0"/><line nr="162" mi="0" ci="6" mb="0" cb="2"/><line nr="163" mi="0" ci="4" mb="0" cb="0"/><line nr="166" mi="0" ci="4" mb="0" cb="0"/><line nr="167" mi="0" ci="3" mb="0" cb="0"/><line nr="179" mi="0" ci="6" mb="0" cb="4"/><line nr="180" mi="0" ci="4" mb="0" cb="0"/><line nr="185" mi="0" ci="4" mb="0" cb="0"/><line nr="186" mi="0" ci="4" mb="0" cb="0"/><line nr="188" mi="0" ci="5" mb="0" cb="0"/><line nr="189" mi="0" ci="6" mb="0" cb="0"/><line nr="190" mi="0" ci="4" mb="0" cb="0"/><line nr="193" mi="0" ci="4" mb="0" cb="0"/><line nr="194" mi="0" ci="2" mb="0" cb="0"/><line nr="195" mi="0" ci="5" mb="0" cb="0"/><line nr="196" mi="0" ci="2" mb="0" cb="0"/><line nr="197" mi="0" ci="1" mb="0" cb="0"/><line nr="198" mi="0" ci="5" mb="0" cb="0"/><line nr="199" mi="0" ci="4" mb="0" cb="0"/><line nr="212" mi="0" ci="10" mb="2" cb="6"/><line nr="214" mi="0" ci="2" mb="0" cb="0"/><line nr="218" mi="0" ci="5" mb="0" cb="0"/><line nr="219" mi="0" ci="1" mb="0" cb="0"/><line nr="220" mi="0" ci="5" mb="0" cb="0"/><line nr="221" mi="0" ci="2" mb="0" cb="0"/><line nr="235" mi="0" ci="5" mb="0" cb="2"/><line nr="236" mi="0" ci="5" mb="0" cb="0"/><line nr="239" mi="0" ci="2" mb="0" cb="0"/><line nr="240" mi="0" ci="2" mb="0" cb="0"/><line nr="241" mi="0" ci="2" mb="0" cb="0"/><line nr="243" mi="0" ci="8" mb="0" cb="2"/><line nr="244" mi="0" ci="5" mb="0" cb="0"/><line nr="245" mi="0" ci="5" mb="0" cb="0"/><line nr="246" mi="0" ci="6" mb="0" cb="0"/><line nr="247" mi="0" ci="6" mb="0" cb="0"/><line nr="248" mi="0" ci="6" mb="0" cb="0"/><line nr="251" mi="0" ci="8" mb="1" cb="3"/><line nr="252" mi="0" ci="2" mb="0" cb="0"/><line nr="255" mi="0" ci="8" mb="0" cb="0"/><line nr="264" mi="0" ci="4" mb="0" cb="0"/><line nr="267" mi="0" ci="4" mb="0" cb="0"/><line nr="268" mi="0" ci="5" mb="0" cb="0"/><line nr="270" mi="0" ci="6" mb="0" cb="0"/><line nr="271" mi="0" ci="6" mb="0" cb="0"/><line nr="272" mi="0" ci="4" mb="0" cb="0"/><line nr="273" mi="0" ci="12" mb="0" cb="2"/><line nr="274" mi="0" ci="5" mb="0" cb="0"/><line nr="275" mi="0" ci="6" mb="0" cb="0"/><line nr="276" mi="0" ci="5" mb="0" cb="0"/><line nr="278" mi="0" ci="1" mb="0" cb="0"/><line nr="279" mi="0" ci="7" mb="0" cb="0"/><line nr="280" mi="0" ci="1" mb="0" cb="0"/><line nr="282" mi="0" ci="2" mb="0" cb="0"/><line nr="293" mi="0" ci="3" mb="0" cb="0"/><line nr="294" mi="0" ci="2" mb="0" cb="0"/><line nr="295" mi="0" ci="3" mb="0" cb="2"/><line nr="296" mi="0" ci="2" mb="0" cb="0"/><line nr="299" mi="0" ci="4" mb="0" cb="0"/><line nr="300" mi="0" ci="3" mb="0" cb="0"/><line nr="310" mi="0" ci="4" mb="0" cb="0"/><line nr="313" mi="0" ci="2" mb="0" cb="0"/><line nr="314" mi="0" ci="4" mb="0" cb="0"/><line nr="316" mi="0" ci="5" mb="0" cb="0"/><line nr="317" mi="0" ci="5" mb="0" cb="0"/><line nr="318" mi="0" ci="5" mb="0" cb="0"/><line nr="319" mi="1" ci="10" mb="1" cb="1"/><line nr="320" mi="0" ci="7" mb="0" cb="0"/><line nr="322" mi="1" ci="0" mb="0" cb="0"/><line nr="323" mi="5" ci="0" mb="0" cb="0"/><line nr="324" mi="7" ci="0" mb="0" cb="0"/><line nr="325" mi="0" ci="1" mb="0" cb="0"/><line nr="327" mi="0" ci="2" mb="0" cb="0"/><counter type="INSTRUCTION" missed="32" covered="513"/><counter type="BRANCH" missed="11" covered="43"/><counter type="LINE" missed="9" covered="123"/><counter type="COMPLEXITY" missed="11" covered="27"/><counter type="METHOD" missed="0" covered="11"/><counter type="CLASS" missed="0" covered="1"/></sourcefile><counter type="INSTRUCTION" missed="171" covered="2017"/><counter type="BRANCH" missed="30" covered="160"/><counter type="LINE" missed="40" covered="476"/><counter type="COMPLEXITY" missed="31" covered="143"/><counter type="METHOD" missed="3" covered="76"/><counter type="CLASS" missed="0" covered="10"/></package><package name="dev/coms4156/project/converter"><class name="dev/coms4156/project/converter/FloatArrayToPgVectorConverter" sourcefilename="FloatArrayToPgVectorConverter.java"><method name="&lt;init&gt;" desc="()V" line="11"><counter type="INSTRUCTION" missed="0" covered="3"/><counter type="LINE" missed="0" covered="1"/><counter type="COMPLEXITY" missed="0" covered="1"/><counter type="METHOD" missed="0" covered="1"/></method><method name="convertToDatabaseColumn" desc="([F)Ljava/lang/String;" line="15"><counter type="INSTRUCTION" missed="0" covered="39"/><counter type="BRANCH" missed="0" covered="8"/><counter type="LINE" missed="0" covered="9"/><counter type="COMPLEXITY" missed="0" covered="5"/><counter type="METHOD" missed="0" covered="1"/></method><method name="convertToEntityAttribute" desc="(Ljava/lang/String;)[F" line="32"><counter type="INSTRUCTION" missed="0" covered="39"/><counter type="BRANCH" missed="1" covered="5"/><counter type="LINE" missed="0" covered="8"/><counter type="COMPLEXITY" missed="1" covered="3"/><counter type="METHOD" missed="0" covered="1"/></method><counter type="INSTRUCTION" missed="0" covered="81"/><counter type="BRANCH" missed="1" covered="13"/><counter type="LINE" missed="0" covered="18"/><counter type="COMPLEXITY" missed="1" covered="9"/><counter type="METHOD" missed="0" covered="3"/><counter type="CLASS" missed="0" covered="1"/></class><sourcefile name="FloatArrayToPgVectorConverter.java"><line nr="11" mi="0" ci="3" mb="0" cb="0"/><line nr="15" mi="0" ci="5" mb="0" cb="4"/><line nr="16" mi="0" ci="2" mb="0" cb="0"/><line nr="19" mi="0" ci="5" mb="0" cb="0"/><line nr="20" mi="0" ci="8" mb="0" cb="2"/><line nr="21" mi="0" ci="2" mb="0" cb="2"/><line nr="22" mi="0" ci="4" mb="0" cb="0"/><line nr="24" mi="0" ci="6" mb="0" cb="0"/><line nr="26" mi="0" ci="4" mb="0" cb="0"/><line nr="27" mi="0" ci="3" mb="0" cb="0"/><line nr="32" mi="0" ci="5" mb="1" cb="3"/><line nr="33" mi="0" ci="3" mb="0" cb="0"/><line nr="35" mi="0" ci="5" mb="0" cb="0"/><line nr="36" mi="0" ci="4" mb="0" cb="0"/><line nr="37" mi="0" ci="4" mb="0" cb="0"/><line nr="38" mi="0" ci="8" mb="0" cb="2"/><line nr="39" mi="0" ci="8" mb="0" cb="0"/><line nr="41" mi="0" ci="2" mb="0" cb="0"/><counter type="INSTRUCTION" missed="0" covered="81"/><counter type="BRANCH" missed="1" covered="13"/><counter type="LINE" missed="0" covered="18"/><counter type="COMPLEXITY" missed="1" covered="9"/><counter type="METHOD" missed="0" covered="3"/><counter type="CLASS" missed="0" covered="1"/></sourcefile><counter type="INSTRUCTION" missed="0" covered="81"/><counter type="BRANCH" missed="1" covered="13"/><counter type="LINE" missed="0" covered="18"/><counter type="COMPLEXITY" missed="1" covered="9"/><counter type="METHOD" missed="0" covered="3"/><counter type="CLASS" missed="0" covered="1"/></package><package name="dev/coms4156/project/model"><class name="dev/coms4156/project/model/Document$DocumentBuilder" sourcefilename="Document.java"/><class name="dev/coms4156/project/model/User" sourcefilename="User.java"/><class name="dev/coms4156/project/model/Document$ProcessingStatus" sourcefilename="Document.java"><method name="&lt;clinit&gt;" desc="()V" line="77"><counter type="INSTRUCTION" missed="0" covered="45"/><counter type="LINE" missed="0" covered="8"/><counter type="COMPLEXITY" missed="0" covered="1"/><counter type="METHOD" missed="0" covered="1"/></method><counter type="INSTRUCTION" missed="0" covered="45"/><counter type="LINE" missed="0" covered="8"/><counter type="COMPLEXITY" missed="0" covered="1"/><counter type="METHOD" missed="0" covered="1"/><counter type="CLASS" missed="0" covered="1"/></class><class name="dev/coms4156/project/model/DocumentRelationship$RelationshipType" sourcefilename="DocumentRelationship.java"><method name="&lt;clinit&gt;" desc="()V" line="64"><counter type="INSTRUCTION" missed="0" covered="51"/><counter type="LINE" missed="0" covered="9"/><counter type="COMPLEXITY" missed="0" covered="1"/><counter type="METHOD" missed="0" covered="1"/></method><counter type="INSTRUCTION" missed="0" covered="51"/><counter type="LINE" missed="0" covered="9"/><counter type="COMPLEXITY" missed="0" covered="1"/><counter type="METHOD" missed="0" covered="1"/><counter type="CLASS" missed="0" covered="1"/></class><class name="dev/coms4156/project/model/User$UserBuilder" sourcefilename="User.java"/><class name="dev/coms4156/project/model/DocumentRelationship" sourcefilename="DocumentRelationship.java"/><class name="dev/coms4156/project/model/DocumentChunk$DocumentChunkBuilder" sourcefilename="DocumentChunk.java"/><class name="dev/coms4156/project/model/DocumentChunk" sourcefilename="DocumentChunk.java"/><class name="dev/coms4156/project/model/DocumentRelationship$DocumentRelationshipBuilder" sourcefilename="DocumentRelationship.java"/><class name="dev/coms4156/project/model/Document" sourcefilename="Document.java"/><class name="dev/coms4156/project/model/User$Role" sourcefilename="User.java"><method name="&lt;clinit&gt;" desc="()V" line="63"><counter type="INSTRUCTION" missed="0" covered="15"/><counter type="LINE" missed="0" covered="3"/><counter type="COMPLEXITY" missed="0" covered="1"/><counter type="METHOD" missed="0" covered="1"/></method><counter type="INSTRUCTION" missed="0" covered="15"/><counter type="LINE" missed="0" covered="3"/><counter type="COMPLEXITY" missed="0" covered="1"/><counter type="METHOD" missed="0" covered="1"/><counter type="CLASS" missed="0" covered="1"/></class><sourcefile name="Document.java"><line nr="77" mi="0" ci="3" mb="0" cb="0"/><line nr="78" mi="0" ci="6" mb="0" cb="0"/><line nr="79" mi="0" ci="6" mb="0" cb="0"/><line nr="80" mi="0" ci="6" mb="0" cb="0"/><line nr="81" mi="0" ci="6" mb="0" cb="0"/><line nr="82" mi="0" ci="6" mb="0" cb="0"/><line nr="83" mi="0" ci="6" mb="0" cb="0"/><line nr="84" mi="0" ci="6" mb="0" cb="0"/><counter type="INSTRUCTION" missed="0" covered="45"/><counter type="LINE" missed="0" covered="8"/><counter type="COMPLEXITY" missed="0" covered="1"/><counter type="METHOD" missed="0" covered="1"/><counter type="CLASS" missed="0" covered="1"/></sourcefile><sourcefile name="DocumentRelationship.java"><line nr="64" mi="0" ci="3" mb="0" cb="0"/><line nr="65" mi="0" ci="6" mb="0" cb="0"/><line nr="66" mi="0" ci="6" mb="0" cb="0"/><line nr="67" mi="0" ci="6" mb="0" cb="0"/><line nr="68" mi="0" ci="6" mb="0" cb="0"/><line nr="69" mi="0" ci="6" mb="0" cb="0"/><line nr="70" mi="0" ci="6" mb="0" cb="0"/><line nr="71" mi="0" ci="6" mb="0" cb="0"/><line nr="72" mi="0" ci="6" mb="0" cb="0"/><counter type="INSTRUCTION" missed="0" covered="51"/><counter type="LINE" missed="0" covered="9"/><counter type="COMPLEXITY" missed="0" covered="1"/><counter type="METHOD" missed="0" covered="1"/><counter type="CLASS" missed="0" covered="1"/></sourcefile><sourcefile name="DocumentChunk.java"/><sourcefile name="User.java"><line nr="63" mi="0" ci="3" mb="0" cb="0"/><line nr="64" mi="0" ci="6" mb="0" cb="0"/><line nr="65" mi="0" ci="6" mb="0" cb="0"/><counter type="INSTRUCTION" missed="0" covered="15"/><counter type="LINE" missed="0" covered="3"/><counter type="COMPLEXITY" missed="0" covered="1"/><counter type="METHOD" missed="0" covered="1"/><counter type="CLASS" missed="0" covered="1"/></sourcefile><counter type="INSTRUCTION" missed="0" covered="111"/><counter type="LINE" missed="0" covered="20"/><counter type="COMPLEXITY" missed="0" covered="3"/><counter type="METHOD" missed="0" covered="3"/><counter type="CLASS" missed="0" covered="3"/></package><package name="dev/coms4156/project/controller"><class name="dev/coms4156/project/controller/Controller" sourcefilename="Controller.java"><method name="&lt;init&gt;" desc="()V" line="18"><counter type="INSTRUCTION" missed="0" covered="3"/><counter type="LINE" missed="0" covered="1"/><counter type="COMPLEXITY" missed="0" covered="1"/><counter type="METHOD" missed="0" covered="1"/></method><method name="index" desc="()Lorg/springframework/http/ResponseEntity;" line="21"><counter type="INSTRUCTION" missed="0" covered="3"/><counter type="LINE" missed="0" covered="1"/><counter type="COMPLEXITY" missed="0" covered="1"/><counter type="METHOD" missed="0" covered="1"/></method><counter type="INSTRUCTION" missed="0" covered="6"/><counter type="LINE" missed="0" covered="2"/><counter type="COMPLEXITY" missed="0" covered="2"/><counter type="METHOD" missed="0" covered="2"/><counter type="CLASS" missed="0" covered="1"/></class><class name="dev/coms4156/project/controller/DocumentApiController" sourcefilename="DocumentApiController.java"><method name="&lt;init&gt;" desc="(Ldev/coms4156/project/service/DocumentService;Ldev/coms4156/project/service/DocumentSummarizationService;Ldev/coms4156/project/service/RagService;)V" line="70"><counter type="INSTRUCTION" missed="0" covered="12"/><counter type="LINE" missed="0" covered="5"/><counter type="COMPLEXITY" missed="0" covered="1"/><counter type="METHOD" missed="0" covered="1"/></method><method name="uploadDocument" desc="(Lorg/springframework/web/multipart/MultipartFile;Ljakarta/servlet/http/HttpServletRequest;)Lorg/springframework/http/ResponseEntity;" line="91"><counter type="INSTRUCTION" missed="17" covered="102"/><counter type="LINE" missed="4" covered="22"/><counter type="COMPLEXITY" missed="0" covered="1"/><counter type="METHOD" missed="0" covered="1"/></method><method name="getDocument" desc="(Ljava/lang/Long;)Lorg/springframework/http/ResponseEntity;" line="151"><counter type="INSTRUCTION" missed="0" covered="38"/><counter type="BRANCH" missed="0" covered="2"/><counter type="LINE" missed="0" covered="10"/><counter type="COMPLEXITY" missed="0" covered="2"/><counter type="METHOD" missed="0" covered="1"/></method><method name="getDocumentRelationships" desc="(Ljava/lang/Long;)Lorg/springframework/http/ResponseEntity;" line="191"><counter type="INSTRUCTION" missed="16" covered="12"/><counter type="LINE" missed="4" covered="4"/><counter type="COMPLEXITY" missed="0" covered="1"/><counter type="METHOD" missed="0" covered="1"/></method><method name="getDocumentSummary" desc="(Ljava/lang/Long;)Lorg/springframework/http/ResponseEntity;" line="222"><counter type="INSTRUCTION" missed="0" covered="36"/><counter type="BRANCH" missed="0" covered="2"/><counter type="LINE" missed="0" covered="9"/><counter type="COMPLEXITY" missed="0" covered="2"/><counter type="METHOD" missed="0" covered="1"/></method><method name="searchDocuments" desc="(Ljava/lang/String;Ljakarta/servlet/http/HttpServletRequest;)Lorg/springframework/http/ResponseEntity;" line="256"><counter type="INSTRUCTION" missed="0" covered="91"/><counter type="LINE" missed="0" covered="16"/><counter type="COMPLEXITY" missed="0" covered="1"/><counter type="METHOD" missed="0" covered="1"/></method><method name="getAllDocuments" desc="(Ljava/lang/String;)Lorg/springframework/http/ResponseEntity;" line="307"><counter type="INSTRUCTION" missed="0" covered="51"/><counter type="BRANCH" missed="0" covered="4"/><counter type="LINE" missed="0" covered="13"/><counter type="COMPLEXITY" missed="0" covered="3"/><counter type="METHOD" missed="0" covered="1"/></method><method name="deleteDocument" desc="(Ljava/lang/Long;)Lorg/springframework/http/ResponseEntity;" line="345"><counter type="INSTRUCTION" missed="0" covered="31"/><counter type="BRANCH" missed="0" covered="2"/><counter type="LINE" missed="0" covered="6"/><counter type="COMPLEXITY" missed="0" covered="2"/><counter type="METHOD" missed="0" covered="1"/></method><method name="getDocumentsWithSummaries" desc="()Lorg/springframework/http/ResponseEntity;" line="365"><counter type="INSTRUCTION" missed="0" covered="48"/><counter type="BRANCH" missed="0" covered="6"/><counter type="LINE" missed="0" covered="11"/><counter type="COMPLEXITY" missed="0" covered="4"/><counter type="METHOD" missed="0" covered="1"/></method><method name="getProcessingStatistics" desc="()Lorg/springframework/http/ResponseEntity;" line="393"><counter type="INSTRUCTION" missed="0" covered="144"/><counter type="BRANCH" missed="1" covered="17"/><counter type="LINE" missed="0" covered="44"/><counter type="COMPLEXITY" missed="1" covered="9"/><counter type="METHOD" missed="0" covered="1"/></method><method name="&lt;clinit&gt;" desc="()V" line="52"><counter type="INSTRUCTION" missed="0" covered="4"/><counter type="LINE" missed="0" covered="1"/><counter type="COMPLEXITY" missed="0" covered="1"/><counter type="METHOD" missed="0" covered="1"/></method><counter type="INSTRUCTION" missed="33" covered="569"/><counter type="BRANCH" missed="1" covered="33"/><counter type="LINE" missed="8" covered="141"/><counter type="COMPLEXITY" missed="1" covered="27"/><counter type="METHOD" missed="0" covered="11"/><counter type="CLASS" missed="0" covered="1"/></class><class name="dev/coms4156/project/controller/AuthController" sourcefilename="AuthController.java"><method name="&lt;init&gt;" desc="(Ldev/coms4156/project/service/AuthenticationService;)V" line="31"><counter type="INSTRUCTION" missed="0" covered="6"/><counter type="LINE" missed="0" covered="3"/><counter type="COMPLEXITY" missed="0" covered="1"/><counter type="METHOD" missed="0" covered="1"/></method><method name="register" desc="(Ldev/coms4156/project/dtos/RegisterRequest;)Lorg/springframework/http/ResponseEntity;" line="52"><counter type="INSTRUCTION" missed="0" covered="18"/><counter type="LINE" missed="0" covered="5"/><counter type="COMPLEXITY" missed="0" covered="1"/><counter type="METHOD" missed="0" covered="1"/></method><method name="login" desc="(Ldev/coms4156/project/dtos/LoginRequest;)Lorg/springframework/http/ResponseEntity;" line="76"><counter type="INSTRUCTION" missed="0" covered="18"/><counter type="LINE" missed="0" covered="5"/><counter type="COMPLEXITY" missed="0" covered="1"/><counter type="METHOD" missed="0" covered="1"/></method><counter type="INSTRUCTION" missed="0" covered="42"/><counter type="LINE" missed="0" covered="13"/><counter type="COMPLEXITY" missed="0" covered="3"/><counter type="METHOD" missed="0" covered="3"/><counter type="CLASS" missed="0" covered="1"/></class><sourcefile name="AuthController.java"><line nr="31" mi="0" ci="2" mb="0" cb="0"/><line nr="32" mi="0" ci="3" mb="0" cb="0"/><line nr="33" mi="0" ci="1" mb="0" cb="0"/><line nr="52" mi="0" ci="5" mb="0" cb="0"/><line nr="53" mi="0" ci="3" mb="0" cb="0"/><line nr="54" mi="0" ci="1" mb="0" cb="0"/><line nr="55" mi="0" ci="6" mb="0" cb="0"/><line nr="56" mi="0" ci="3" mb="0" cb="0"/><line nr="76" mi="0" ci="5" mb="0" cb="0"/><line nr="77" mi="0" ci="3" mb="0" cb="0"/><line nr="78" mi="0" ci="1" mb="0" cb="0"/><line nr="79" mi="0" ci="6" mb="0" cb="0"/><line nr="80" mi="0" ci="3" mb="0" cb="0"/><counter type="INSTRUCTION" missed="0" covered="42"/><counter type="LINE" missed="0" covered="13"/><counter type="COMPLEXITY" missed="0" covered="3"/><counter type="METHOD" missed="0" covered="3"/><counter type="CLASS" missed="0" covered="1"/></sourcefile><sourcefile name="DocumentApiController.java"><line nr="52" mi="0" ci="4" mb="0" cb="0"/><line nr="70" mi="0" ci="2" mb="0" cb="0"/><line nr="71" mi="0" ci="3" mb="0" cb="0"/><line nr="72" mi="0" ci="3" mb="0" cb="0"/><line nr="73" mi="0" ci="3" mb="0" cb="0"/><line nr="74" mi="0" ci="1" mb="0" cb="0"/><line nr="91" mi="0" ci="4" mb="0" cb="0"/><line nr="92" mi="0" ci="6" mb="0" cb="0"/><line nr="93" mi="0" ci="2" mb="0" cb="0"/><line nr="94" mi="0" ci="1" mb="0" cb="0"/><line nr="97" mi="0" ci="8" mb="0" cb="0"/><line nr="98" mi="0" ci="10" mb="0" cb="0"/><line nr="100" mi="0" ci="5" mb="0" cb="0"/><line nr="105" mi="0" ci="3" mb="0" cb="0"/><line nr="106" mi="0" ci="2" mb="0" cb="0"/><line nr="107" mi="0" ci="2" mb="0" cb="0"/><line nr="108" mi="0" ci="4" mb="0" cb="0"/><line nr="111" mi="0" ci="4" mb="0" cb="0"/><line nr="112" mi="0" ci="2" mb="0" cb="0"/><line nr="114" mi="0" ci="3" mb="0" cb="0"/><line nr="116" mi="0" ci="1" mb="0" cb="0"/><line nr="117" mi="0" ci="6" mb="0" cb="0"/><line nr="118" mi="0" ci="6" mb="0" cb="0"/><line nr="120" mi="0" ci="4" mb="0" cb="0"/><line nr="122" mi="1" ci="0" mb="0" cb="0"/><line nr="123" mi="6" ci="0" mb="0" cb="0"/><line nr="125" mi="5" ci="0" mb="0" cb="0"/><line nr="126" mi="5" ci="0" mb="0" cb="0"/><line nr="128" mi="0" ci="1" mb="0" cb="0"/><line nr="129" mi="0" ci="18" mb="0" cb="0"/><line nr="131" mi="0" ci="5" mb="0" cb="0"/><line nr="133" mi="0" ci="5" mb="0" cb="0"/><line nr="151" mi="0" ci="5" mb="0" cb="0"/><line nr="153" mi="0" ci="3" mb="0" cb="2"/><line nr="154" mi="0" ci="4" mb="0" cb="0"/><line nr="156" mi="0" ci="3" mb="0" cb="0"/><line nr="158" mi="0" ci="3" mb="0" cb="0"/><line nr="160" mi="0" ci="3" mb="0" cb="0"/><line nr="163" mi="0" ci="1" mb="0" cb="0"/><line nr="164" mi="0" ci="6" mb="0" cb="0"/><line nr="166" mi="0" ci="5" mb="0" cb="0"/><line nr="168" mi="0" ci="5" mb="0" cb="0"/><line nr="191" mi="0" ci="3" mb="0" cb="0"/><line nr="193" mi="0" ci="2" mb="0" cb="0"/><line nr="194" mi="0" ci="4" mb="0" cb="0"/><line nr="197" mi="0" ci="3" mb="0" cb="0"/><line nr="199" mi="1" ci="0" mb="0" cb="0"/><line nr="200" mi="5" ci="0" mb="0" cb="0"/><line nr="202" mi="5" ci="0" mb="0" cb="0"/><line nr="204" mi="5" ci="0" mb="0" cb="0"/><line nr="222" mi="0" ci="5" mb="0" cb="0"/><line nr="224" mi="0" ci="2" mb="0" cb="2"/><line nr="225" mi="0" ci="6" mb="0" cb="0"/><line nr="229" mi="0" ci="3" mb="0" cb="0"/><line nr="231" mi="0" ci="3" mb="0" cb="0"/><line nr="234" mi="0" ci="1" mb="0" cb="0"/><line nr="235" mi="0" ci="6" mb="0" cb="0"/><line nr="237" mi="0" ci="5" mb="0" cb="0"/><line nr="239" mi="0" ci="5" mb="0" cb="0"/><line nr="256" mi="0" ci="4" mb="0" cb="0"/><line nr="257" mi="0" ci="6" mb="0" cb="0"/><line nr="258" mi="0" ci="2" mb="0" cb="0"/><line nr="259" mi="0" ci="1" mb="0" cb="0"/><line nr="262" mi="0" ci="17" mb="0" cb="0"/><line nr="266" mi="0" ci="6" mb="0" cb="0"/><line nr="268" mi="0" ci="4" mb="0" cb="0"/><line nr="270" mi="0" ci="5" mb="0" cb="0"/><line nr="271" mi="0" ci="5" mb="0" cb="0"/><line nr="274" mi="0" ci="5" mb="0" cb="0"/><line nr="275" mi="0" ci="2" mb="0" cb="0"/><line nr="277" mi="0" ci="3" mb="0" cb="0"/><line nr="279" mi="0" ci="1" mb="0" cb="0"/><line nr="280" mi="0" ci="18" mb="0" cb="0"/><line nr="282" mi="0" ci="7" mb="0" cb="0"/><line nr="284" mi="0" ci="5" mb="0" cb="0"/><line nr="307" mi="0" ci="6" mb="0" cb="4"/><line nr="308" mi="0" ci="5" mb="0" cb="0"/><line nr="310" mi="0" ci="5" mb="0" cb="0"/><line nr="313" mi="0" ci="3" mb="0" cb="0"/><line nr="314" mi="0" ci="1" mb="0" cb="0"/><line nr="315" mi="0" ci="2" mb="0" cb="0"/><line nr="317" mi="0" ci="4" mb="0" cb="0"/><line nr="319" mi="0" ci="6" mb="0" cb="0"/><line nr="322" mi="0" ci="3" mb="0" cb="0"/><line nr="324" mi="0" ci="1" mb="0" cb="0"/><line nr="325" mi="0" ci="5" mb="0" cb="0"/><line nr="326" mi="0" ci="5" mb="0" cb="0"/><line nr="327" mi="0" ci="5" mb="0" cb="0"/><line nr="345" mi="0" ci="6" mb="0" cb="2"/><line nr="346" mi="0" ci="4" mb="0" cb="0"/><line nr="347" mi="0" ci="5" mb="0" cb="0"/><line nr="348" mi="0" ci="5" mb="0" cb="0"/><line nr="350" mi="0" ci="4" mb="0" cb="0"/><line nr="352" mi="0" ci="7" mb="0" cb="0"/><line nr="365" mi="0" ci="4" mb="0" cb="0"/><line nr="366" mi="0" ci="4" mb="0" cb="0"/><line nr="368" mi="0" ci="10" mb="0" cb="2"/><line nr="369" mi="0" ci="3" mb="0" cb="0"/><line nr="370" mi="0" ci="5" mb="0" cb="4"/><line nr="371" mi="0" ci="4" mb="0" cb="0"/><line nr="373" mi="0" ci="1" mb="0" cb="0"/><line nr="375" mi="0" ci="3" mb="0" cb="0"/><line nr="376" mi="0" ci="5" mb="0" cb="0"/><line nr="377" mi="0" ci="6" mb="0" cb="0"/><line nr="380" mi="0" ci="3" mb="0" cb="0"/><line nr="393" mi="0" ci="4" mb="0" cb="0"/><line nr="394" mi="0" ci="4" mb="0" cb="0"/><line nr="396" mi="0" ci="2" mb="0" cb="0"/><line nr="397" mi="0" ci="2" mb="0" cb="0"/><line nr="398" mi="0" ci="2" mb="0" cb="0"/><line nr="399" mi="0" ci="2" mb="0" cb="0"/><line nr="400" mi="0" ci="2" mb="0" cb="0"/><line nr="401" mi="0" ci="2" mb="0" cb="0"/><line nr="402" mi="0" ci="2" mb="0" cb="0"/><line nr="404" mi="0" ci="10" mb="0" cb="2"/><line nr="405" mi="0" ci="3" mb="0" cb="0"/><line nr="406" mi="0" ci="3" mb="0" cb="2"/><line nr="407" mi="0" ci="5" mb="0" cb="0"/><line nr="408" mi="0" ci="3" mb="0" cb="2"/><line nr="409" mi="0" ci="5" mb="0" cb="0"/><line nr="410" mi="0" ci="3" mb="0" cb="2"/><line nr="411" mi="0" ci="5" mb="0" cb="0"/><line nr="412" mi="0" ci="3" mb="0" cb="2"/><line nr="413" mi="0" ci="5" mb="0" cb="0"/><line nr="414" mi="0" ci="3" mb="0" cb="2"/><line nr="415" mi="0" ci="5" mb="0" cb="0"/><line nr="416" mi="0" ci="3" mb="0" cb="2"/><line nr="417" mi="0" ci="5" mb="0" cb="0"/><line nr="418" mi="0" ci="3" mb="1" cb="1"/><line nr="419" mi="0" ci="4" mb="0" cb="0"/><line nr="421" mi="0" ci="1" mb="0" cb="0"/><line nr="422" mi="0" ci="3" mb="0" cb="0"/><line nr="423" mi="0" ci="2" mb="0" cb="0"/><line nr="424" mi="0" ci="2" mb="0" cb="0"/><line nr="425" mi="0" ci="2" mb="0" cb="0"/><line nr="426" mi="0" ci="2" mb="0" cb="0"/><line nr="427" mi="0" ci="2" mb="0" cb="0"/><line nr="428" mi="0" ci="2" mb="0" cb="0"/><line nr="429" mi="0" ci="3" mb="0" cb="0"/><line nr="434" mi="0" ci="4" mb="0" cb="2"/><line nr="435" mi="0" ci="6" mb="0" cb="0"/><line nr="436" mi="0" ci="7" mb="0" cb="0"/><line nr="438" mi="0" ci="2" mb="0" cb="0"/><line nr="439" mi="0" ci="2" mb="0" cb="0"/><line nr="442" mi="0" ci="3" mb="0" cb="0"/><line nr="443" mi="0" ci="3" mb="0" cb="0"/><line nr="445" mi="0" ci="2" mb="0" cb="0"/><line nr="446" mi="0" ci="3" mb="0" cb="0"/><line nr="448" mi="0" ci="3" mb="0" cb="0"/><counter type="INSTRUCTION" missed="33" covered="569"/><counter type="BRANCH" missed="1" covered="33"/><counter type="LINE" missed="8" covered="141"/><counter type="COMPLEXITY" missed="1" covered="27"/><counter type="METHOD" missed="0" covered="11"/><counter type="CLASS" missed="0" covered="1"/></sourcefile><sourcefile name="Controller.java"><line nr="18" mi="0" ci="3" mb="0" cb="0"/><line nr="21" mi="0" ci="3" mb="0" cb="0"/><counter type="INSTRUCTION" missed="0" covered="6"/><counter type="LINE" missed="0" covered="2"/><counter type="COMPLEXITY" missed="0" covered="2"/><counter type="METHOD" missed="0" covered="2"/><counter type="CLASS" missed="0" covered="1"/></sourcefile><counter type="INSTRUCTION" missed="33" covered="617"/><counter type="BRANCH" missed="1" covered="33"/><counter type="LINE" missed="8" covered="156"/><counter type="COMPLEXITY" missed="1" covered="32"/><counter type="METHOD" missed="0" covered="16"/><counter type="CLASS" missed="0" covered="3"/></package><package name="dev/coms4156/project/config"><class name="dev/coms4156/project/config/RagConfiguration" sourcefilename="RagConfiguration.java"><method name="&lt;init&gt;" desc="()V" line="24"><counter type="INSTRUCTION" missed="0" covered="3"/><counter type="LINE" missed="0" covered="1"/><counter type="COMPLEXITY" missed="0" covered="1"/><counter type="METHOD" missed="0" covered="1"/></method><method name="ollamaApi" desc="()
[...]
="0" cb="0"/><line nr="38" mi="0" ci="3" mb="0" cb="0"/><line nr="39" mi="0" ci="3" mb="0" cb="0"/><line nr="40" mi="0" ci="1" mb="0" cb="0"/><line nr="52" mi="0" ci="2" mb="0" cb="0"/><line nr="53" mi="0" ci="3" mb="0" cb="0"/><line nr="54" mi="0" ci="8" mb="0" cb="0"/><line nr="55" mi="0" ci="5" mb="0" cb="0"/><line nr="56" mi="0" ci="2" mb="0" cb="0"/><line nr="57" mi="0" ci="3" mb="0" cb="0"/><line nr="59" mi="0" ci="17" mb="0" cb="0"/><line nr="61" mi="0" ci="9" mb="0" cb="0"/><line nr="63" mi="0" ci="3" mb="0" cb="0"/><line nr="65" mi="0" ci="12" mb="0" cb="0"/><line nr="66" mi="0" ci="8" mb="0" cb="0"/><line nr="67" mi="0" ci="2" mb="0" cb="0"/><line nr="68" mi="0" ci="2" mb="0" cb="0"/><line nr="70" mi="0" ci="4" mb="0" cb="0"/><line nr="75" mi="0" ci="4" mb="0" cb="0"/><line nr="81" mi="0" ci="3" mb="0" cb="0"/><line nr="93" mi="0" ci="4" mb="0" cb="0"/><line nr="94" mi="0" ci="4" mb="0" cb="0"/><line nr="95" mi="0" ci="25" mb="0" cb="0"/><line nr="96" mi="0" ci="4" mb="0" cb="0"/><line nr="97" mi="0" ci="4" mb="0" cb="0"/><line nr="98" mi="0" ci="4" mb="0" cb="0"/><line nr="99" mi="0" ci="4" mb="0" cb="0"/><line nr="100" mi="0" ci="4" mb="0" cb="0"/><line nr="101" mi="0" ci="2" mb="0" cb="0"/><counter type="INSTRUCTION" missed="0" covered="151"/><counter type="LINE" missed="0" covered="29"/><counter type="COMPLEXITY" missed="0" covered="9"/><counter type="METHOD" missed="0" covered="9"/><counter type="CLASS" missed="0" covered="1"/></sourcefile><sourcefile name="ApiLoggingInterceptor.java"><line nr="21" mi="0" ci="3" mb="0" cb="0"/><line nr="23" mi="0" ci="4" mb="0" cb="0"/><line nr="37" mi="0" ci="2" mb="0" cb="0"/><line nr="38" mi="0" ci="4" mb="0" cb="0"/><line nr="41" mi="0" ci="5" mb="0" cb="0"/><line nr="42" mi="0" ci="4" mb="0" cb="0"/><line nr="45" mi="0" ci="6" mb="0" cb="0"/><line nr="46" mi="0" ci="3" mb="0" cb="0"/><line nr="47" mi="0" ci="1" mb="0" cb="0"/><line nr="50" mi="0" ci="3" mb="0" cb="0"/><line nr="51" mi="0" ci="3" mb="0" cb="0"/><line nr="52" mi="0" ci="4" mb="0" cb="0"/><line nr="53" mi="0" ci="4" mb="0" cb="0"/><line nr="56" mi="0" ci="10" mb="0" cb="0"/><line nr="58" mi="0" ci="2" mb="0" cb="0"/><line nr="60" mi="0" ci="1" mb="0" cb="0"/><line nr="61" mi="0" ci="4" mb="0" cb="0"/><line nr="62" mi="0" ci="1" mb="0" cb="0"/><line nr="64" mi="0" ci="2" mb="0" cb="0"/><line nr="71" mi="0" ci="5" mb="0" cb="0"/><line nr="72" mi="0" ci="5" mb="0" cb="0"/><line nr="74" mi="0" ci="4" mb="0" cb="4"/><line nr="75" mi="0" ci="5" mb="0" cb="0"/><line nr="78" mi="0" ci="6" mb="0" cb="0"/><line nr="79" mi="0" ci="3" mb="0" cb="0"/><line nr="80" mi="0" ci="1" mb="0" cb="0"/><line nr="83" mi="0" ci="3" mb="0" cb="0"/><line nr="84" mi="0" ci="3" mb="0" cb="0"/><line nr="85" mi="0" ci="3" mb="0" cb="0"/><line nr="86" mi="0" ci="4" mb="0" cb="0"/><line nr="88" mi="0" ci="2" mb="0" cb="2"/><line nr="90" mi="0" ci="9" mb="0" cb="0"/><line nr="92" mi="0" ci="2" mb="0" cb="0"/><line nr="95" mi="0" ci="10" mb="0" cb="0"/><line nr="101" mi="0" ci="1" mb="0" cb="0"/><line nr="102" mi="0" ci="4" mb="0" cb="0"/><line nr="103" mi="0" ci="1" mb="0" cb="0"/><line nr="104" mi="0" ci="1" mb="0" cb="0"/><line nr="111" mi="0" ci="4" mb="0" cb="0"/><line nr="112" mi="0" ci="5" mb="0" cb="4"/><line nr="113" mi="0" ci="7" mb="0" cb="0"/><line nr="116" mi="0" ci="4" mb="0" cb="0"/><line nr="117" mi="0" ci="5" mb="0" cb="4"/><line nr="118" mi="0" ci="2" mb="0" cb="0"/><line nr="121" mi="0" ci="3" mb="0" cb="0"/><line nr="128" mi="0" ci="4" mb="0" cb="0"/><line nr="129" mi="0" ci="6" mb="0" cb="4"/><line nr="130" mi="0" ci="4" mb="0" cb="0"/><line nr="132" mi="0" ci="2" mb="0" cb="0"/><line nr="141" mi="0" ci="3" mb="0" cb="0"/><line nr="142" mi="0" ci="12" mb="0" cb="6"/><line nr="143" mi="0" ci="2" mb="0" cb="0"/><line nr="148" mi="0" ci="3" mb="0" cb="0"/><line nr="149" mi="0" ci="6" mb="0" cb="4"/><line nr="150" mi="0" ci="2" mb="0" cb="0"/><line nr="154" mi="0" ci="3" mb="0" cb="2"/><line nr="155" mi="0" ci="3" mb="0" cb="0"/><line nr="156" mi="0" ci="3" mb="0" cb="0"/><line nr="157" mi="0" ci="3" mb="1" cb="1"/><line nr="158" mi="0" ci="6" mb="0" cb="0"/><line nr="160" mi="0" ci="11" mb="0" cb="2"/><line nr="161" mi="0" ci="1" mb="0" cb="0"/><line nr="163" mi="1" ci="0" mb="0" cb="0"/><line nr="166" mi="0" ci="3" mb="0" cb="0"/><line nr="167" mi="0" ci="2" mb="0" cb="0"/><line nr="170" mi="0" ci="1" mb="0" cb="0"/><line nr="171" mi="0" ci="4" mb="0" cb="0"/><line nr="172" mi="0" ci="2" mb="0" cb="0"/><line nr="173" mi="1" ci="0" mb="0" cb="0"/><line nr="175" mi="2" ci="0" mb="0" cb="0"/><line nr="183" mi="0" ci="3" mb="0" cb="0"/><line nr="184" mi="0" ci="6" mb="0" cb="4"/><line nr="185" mi="0" ci="2" mb="0" cb="0"/><line nr="190" mi="0" ci="3" mb="0" cb="2"/><line nr="191" mi="0" ci="3" mb="0" cb="0"/><line nr="192" mi="0" ci="3" mb="0" cb="0"/><line nr="193" mi="0" ci="3" mb="1" cb="1"/><line nr="194" mi="0" ci="6" mb="0" cb="0"/><line nr="196" mi="0" ci="11" mb="0" cb="2"/><line nr="197" mi="0" ci="1" mb="0" cb="0"/><line nr="201" mi="0" ci="1" mb="0" cb="0"/><line nr="202" mi="0" ci="4" mb="0" cb="0"/><line nr="203" mi="0" ci="2" mb="0" cb="0"/><line nr="204" mi="0" ci="1" mb="0" cb="0"/><line nr="206" mi="0" ci="2" mb="0" cb="0"/><counter type="INSTRUCTION" missed="4" covered="305"/><counter type="BRANCH" missed="2" covered="42"/><counter type="LINE" missed="3" covered="82"/><counter type="COMPLEXITY" missed="2" covered="28"/><counter type="METHOD" missed="0" covered="8"/><counter type="CLASS" missed="0" covered="1"/></sourcefile><sourcefile name="JwtAuthenticationFilter.java"><line nr="29" mi="0" ci="2" mb="0" cb="0"/><line nr="30" mi="0" ci="3" mb="0" cb="0"/><line nr="31" mi="0" ci="1" mb="0" cb="0"/><line nr="40" mi="0" ci="3" mb="0" cb="0"/><line nr="41" mi="0" ci="6" mb="1" cb="3"/><line nr="42" mi="0" ci="4" mb="0" cb="0"/><line nr="43" mi="0" ci="1" mb="0" cb="0"/><line nr="46" mi="0" ci="4" mb="0" cb="0"/><line nr="49" mi="0" ci="6" mb="0" cb="4"/><line nr="50" mi="0" ci="4" mb="0" cb="0"/><line nr="51" mi="0" ci="1" mb="0" cb="0"/><line nr="56" mi="0" ci="5" mb="0" cb="0"/><line nr="59" mi="0" ci="5" mb="0" cb="0"/><line nr="62" mi="0" ci="7" mb="0" cb="0"/><line nr="65" mi="0" ci="3" mb="0" cb="0"/><line nr="66" mi="0" ci="4" mb="0" cb="0"/><line nr="68" mi="0" ci="7" mb="0" cb="0"/><line nr="71" mi="0" ci="3" mb="0" cb="0"/><line nr="73" mi="0" ci="1" mb="0" cb="0"/><line nr="75" mi="0" ci="1" mb="0" cb="0"/><line nr="76" mi="0" ci="6" mb="0" cb="0"/><line nr="77" mi="0" ci="1" mb="0" cb="0"/><line nr="79" mi="0" ci="4" mb="0" cb="0"/><line nr="80" mi="0" ci="1" mb="0" cb="0"/><counter type="INSTRUCTION" missed="0" covered="83"/><counter type="BRANCH" missed="1" covered="7"/><counter type="LINE" missed="0" covered="24"/><counter type="COMPLEXITY" missed="1" covered="5"/><counter type="METHOD" missed="0" covered="2"/><counter type="CLASS" missed="0" covered="1"/></sourcefile><sourcefile name="ApiLoggingConfig.java"><line nr="13" mi="0" ci="3" mb="0" cb="0"/><line nr="20" mi="0" ci="10" mb="0" cb="0"/><line nr="21" mi="0" ci="2" mb="0" cb="0"/><line nr="22" mi="0" ci="1" mb="0" cb="0"/><counter type="INSTRUCTION" missed="0" covered="16"/><counter type="LINE" missed="0" covered="4"/><counter type="COMPLEXITY" missed="0" covered="2"/><counter type="METHOD" missed="0" covered="2"/><counter type="CLASS" missed="0" covered="1"/></sourcefile><sourcefile name="JwtAuthenticationEntryPoint.java"><line nr="17" mi="0" ci="2" mb="0" cb="0"/><line nr="19" mi="0" ci="6" mb="0" cb="0"/><line nr="24" mi="0" ci="3" mb="0" cb="0"/><line nr="25" mi="0" ci="3" mb="0" cb="0"/><line nr="27" mi="0" ci="5" mb="0" cb="0"/><line nr="30" mi="0" ci="6" mb="0" cb="0"/><line nr="31" mi="0" ci="1" mb="0" cb="0"/><counter type="INSTRUCTION" missed="0" covered="26"/><counter type="LINE" missed="0" covered="7"/><counter type="COMPLEXITY" missed="0" covered="2"/><counter type="METHOD" missed="0" covered="2"/><counter type="CLASS" missed="0" covered="1"/></sourcefile><counter type="INSTRUCTION" missed="4" covered="668"/><counter type="BRANCH" missed="3" covered="51"/><counter type="LINE" missed="3" covered="170"/><counter type="COMPLEXITY" missed="3" covered="60"/><counter type="METHOD" missed="0" covered="36"/><counter type="CLASS" missed="0" covered="7"/></package><package name="dev/coms4156/project"><class name="dev/coms4156/project/KnowledgeServiceApplication" sourcefilename="KnowledgeServiceApplication.java"><method name="&lt;init&gt;" desc="()V" line="10"><counter type="INSTRUCTION" missed="0" covered="3"/><counter type="LINE" missed="0" covered="1"/><counter type="COMPLEXITY" missed="0" covered="1"/><counter type="METHOD" missed="0" covered="1"/></method><method name="main" desc="([Ljava/lang/String;)V" line="13"><counter type="INSTRUCTION" missed="5" covered="0"/><counter type="LINE" missed="2" covered="0"/><counter type="COMPLEXITY" missed="1" covered="0"/><counter type="METHOD" missed="1" covered="0"/></method><counter type="INSTRUCTION" missed="5" covered="3"/><counter type="LINE" missed="2" covered="1"/><counter type="COMPLEXITY" missed="1" covered="1"/><counter type="METHOD" missed="1" covered="1"/><counter type="CLASS" missed="0" covered="1"/></class><sourcefile name="KnowledgeServiceApplication.java"><line nr="10" mi="0" ci="3" mb="0" cb="0"/><line nr="13" mi="4" ci="0" mb="0" cb="0"/><line nr="14" mi="1" ci="0" mb="0" cb="0"/><counter type="INSTRUCTION" missed="5" covered="3"/><counter type="LINE" missed="2" covered="1"/><counter type="COMPLEXITY" missed="1" covered="1"/><counter type="METHOD" missed="1" covered="1"/><counter type="CLASS" missed="0" covered="1"/></sourcefile><counter type="INSTRUCTION" missed="5" covered="3"/><counter type="LINE" missed="2" covered="1"/><counter type="COMPLEXITY" missed="1" covered="1"/><counter type="METHOD" missed="1" covered="1"/><counter type="CLASS" missed="0" covered="1"/></package><package name="dev/coms4156/project/dtos"><class name="dev/coms4156/project/dtos/DocumentSummaryResponse" sourcefilename="DocumentSummaryResponse.java"/><class name="dev/coms4156/project/dtos/DocumentRelationshipDTO$DocumentRelationshipDTOBuilder" sourcefilename="DocumentRelationshipDTO.java"/><class name="dev/coms4156/project/dtos/DocumentChunkDTO$DocumentChunkDTOBuilder" sourcefilename="DocumentChunkDTO.java"/><class name="dev/coms4156/project/dtos/ErrorResponse$ErrorResponseBuilder" sourcefilename="ErrorResponse.java"/><class name="dev/coms4156/project/dtos/DocumentStatusCounts" sourcefilename="DocumentStatusCounts.java"/><class name="dev/coms4156/project/dtos/LoginRequest" sourcefilename="LoginRequest.java"/><class name="dev/coms4156/project/dtos/DocumentSearchResponse" sourcefilename="DocumentSearchResponse.java"/><class name="dev/coms4156/project/dtos/DocumentSearchResponse$DocumentSearchResponseBuilder" sourcefilename="DocumentSearchResponse.java"/><class name="dev/coms4156/project/dtos/DocumentStatsResponse$DocumentStatsResponseBuilder" sourcefilename="DocumentStatsResponse.java"/><class name="dev/coms4156/project/dtos/DocumentListResponse" sourcefilename="DocumentListResponse.java"/><class name="dev/coms4156/project/dtos/DocumentChunkDTO" sourcefilename="DocumentChunkDTO.java"><method name="fromDocumentChunk" desc="(Ldev/coms4156/project/model/DocumentChunk;)Ldev/coms4156/project/dtos/DocumentChunkDTO;" line="61"><counter type="INSTRUCTION" missed="0" covered="78"/><counter type="BRANCH" missed="1" covered="13"/><counter type="LINE" missed="0" covered="27"/><counter type="COMPLEXITY" missed="1" covered="7"/><counter type="METHOD" missed="0" covered="1"/></method><counter type="INSTRUCTION" missed="0" covered="78"/><counter type="BRANCH" missed="1" covered="13"/><counter type="LINE" missed="0" covered="27"/><counter type="COMPLEXITY" missed="1" covered="7"/><counter type="METHOD" missed="0" covered="1"/><counter type="CLASS" missed="0" covered="1"/></class><class name="dev/coms4156/project/dtos/DocumentSummaryResponse$DocumentSummaryResponseBuilder" sourcefilename="DocumentSummaryResponse.java"/><class name="dev/coms4156/project/dtos/DocumentRelationshipInfoResponse$DocumentRelationshipInfoResponseBuilder" sourcefilename="DocumentRelationshipInfoResponse.java"/><class name="dev/coms4156/project/dtos/DocumentDTO" sourcefilename="DocumentDTO.java"><method name="fromDocument" desc="(Ldev/coms4156/project/model/Document;)Ldev/coms4156/project/dtos/DocumentDTO;" line="43"><counter type="INSTRUCTION" missed="0" covered="24"/><counter type="BRANCH" missed="0" covered="2"/><counter type="LINE" missed="0" covered="11"/><counter type="COMPLEXITY" missed="0" covered="2"/><counter type="METHOD" missed="0" covered="1"/></method><counter type="INSTRUCTION" missed="0" covered="24"/><counter type="BRANCH" missed="0" covered="2"/><counter type="LINE" missed="0" covered="11"/><counter type="COMPLEXITY" missed="0" covered="2"/><counter type="METHOD" missed="0" covered="1"/><counter type="CLASS" missed="0" covered="1"/></class><class name="dev/coms4156/project/dtos/DocumentStatusCounts$DocumentStatusCountsBuilder" sourcefilename="DocumentStatusCounts.java"/><class name="dev/coms4156/project/dtos/RegisterRequest" sourcefilename="RegisterRequest.java"/><class name="dev/coms4156/project/dtos/ErrorResponse" sourcefilename="ErrorResponse.java"/><class name="dev/coms4156/project/dtos/DocumentRelationshipDTO" sourcefilename="DocumentRelationshipDTO.java"><method name="fromDocumentRelationship" desc="(Ldev/coms4156/project/model/DocumentRelationship;)Ldev/coms4156/project/dtos/DocumentRelationshipDTO;" line="42"><counter type="INSTRUCTION" missed="26" covered="0"/><counter type="BRANCH" missed="2" covered="0"/><counter type="LINE" missed="11" covered="0"/><counter type="COMPLEXITY" missed="2" covered="0"/><counter type="METHOD" missed="1" covered="0"/></method><counter type="INSTRUCTION" missed="26" covered="0"/><counter type="BRANCH" missed="2" covered="0"/><counter type="LINE" missed="11" covered="0"/><counter type="COMPLEXITY" missed="2" covered="0"/><counter type="METHOD" missed="1" covered="0"/><counter type="CLASS" missed="1" covered="0"/></class><class name="dev/coms4156/project/dtos/DocumentRelationshipInfoResponse" sourcefilename="DocumentRelationshipInfoResponse.java"/><class name="dev/coms4156/project/dtos/DocumentStatsResponse" sourcefilename="DocumentStatsResponse.java"/><class name="dev/coms4156/project/dtos/DocumentUploadResponse" sourcefilename="DocumentUploadResponse.java"/><class name="dev/coms4156/project/dtos/AuthResponse" sourcefilename="AuthResponse.java"/><class name="dev/coms4156/project/dtos/DocumentDTO$DocumentDTOBuilder" sourcefilename="DocumentDTO.java"/><class name="dev/coms4156/project/dtos/DocumentListResponse$DocumentListResponseBuilder" sourcefilename="DocumentListResponse.java"/><class name="dev/coms4156/project/dtos/AuthResponse$AuthResponseBuilder" sourcefilename="AuthResponse.java"/><class name="dev/coms4156/project/dtos/DocumentUploadResponse$DocumentUploadResponseBuilder" sourcefilename="DocumentUploadResponse.java"/><sourcefile name="RegisterRequest.java"/><sourcefile name="DocumentStatsResponse.java"/><sourcefile name="LoginRequest.java"/><sourcefile name="DocumentChunkDTO.java"><line nr="61" mi="0" ci="2" mb="0" cb="2"/><line nr="62" mi="0" ci="2" mb="0" cb="0"/><line nr="66" mi="0" ci="2" mb="0" cb="0"/><line nr="67" mi="0" ci="4" mb="0" cb="2"/><line nr="68" mi="0" ci="3" mb="0" cb="2"/><line nr="69" mi="0" ci="4" mb="0" cb="0"/><line nr="70" mi="0" ci="3" mb="0" cb="0"/><line nr="73" mi="0" ci="2" mb="0" cb="0"/><line nr="74" mi="0" ci="4" mb="0" cb="2"/><line nr="75" mi="0" ci="3" mb="0" cb="2"/><line nr="76" mi="0" ci="4" mb="0" cb="0"/><line nr="77" mi="0" ci="3" mb="0" cb="0"/><line nr="81" mi="0" ci="2" mb="0" cb="0"/><line nr="82" mi="0" ci="7" mb="1" cb="3"/><line nr="83" mi="0" ci="4" mb="0" cb="0"/><line nr="86" mi="0" ci="4" mb="0" cb="0"/><line nr="87" mi="0" ci="3" mb="0" cb="0"/><line nr="89" mi="0" ci="2" mb="0" cb="0"/><line nr="90" mi="0" ci="2" mb="0" cb="0"/><line nr="91" mi="0" ci="2" mb="0" cb="0"/><line nr="92" mi="0" ci="2" mb="0" cb="0"/><line nr="93" mi="0" ci="2" mb="0" cb="0"/><line nr="94" mi="0" ci="2" mb="0" cb="0"/><line nr="95" mi="0" ci="2" mb="0" cb="0"/><line nr="96" mi="0" ci="2" mb="0" cb="0"/><line nr="97" mi="0" ci="2" mb="0" cb="0"/><line nr="98" mi="0" ci="4" mb="0" cb="0"/><counter type="INSTRUCTION" missed="0" covered="78"/><counter type="BRANCH" missed="1" covered="13"/><counter type="LINE" missed="0" covered="27"/><counter type="COMPLEXITY" missed="1" covered="7"/><counter type="METHOD" missed="0" covered="1"/><counter type="CLASS" missed="0" covered="1"/></sourcefile><sourcefile name="ErrorResponse.java"/><sourcefile name="DocumentStatusCounts.java"/><sourcefile name="DocumentUploadResponse.java"/><sourcefile name="DocumentDTO.java"><line nr="43" mi="0" ci="2" mb="0" cb="2"/><line nr="44" mi="0" ci="2" mb="0" cb="0"/><line nr="47" mi="0" ci="4" mb="0" cb="0"/><line nr="48" mi="0" ci="2" mb="0" cb="0"/><line nr="49" mi="0" ci="2" mb="0" cb="0"/><line nr="50" mi="0" ci="2" mb="0" cb="0"/><line nr="51" mi="0" ci="2" mb="0" cb="0"/><line nr="52" mi="0" ci="2" mb="0" cb="0"/><line nr="53" mi="0" ci="2" mb="0" cb="0"/><line nr="54" mi="0" ci="2" mb="0" cb="0"/><line nr="55" mi="0" ci="2" mb="0" cb="0"/><counter type="INSTRUCTION" missed="0" covered="24"/><counter type="BRANCH" missed="0" covered="2"/><counter type="LINE" missed="0" covered="11"/><counter type="COMPLEXITY" missed="0" covered="2"/><counter type="METHOD" missed="0" covered="1"/><counter type="CLASS" missed="0" covered="1"/></sourcefile><sourcefile name="DocumentListResponse.java"/><sourcefile name="DocumentSearchResponse.java"/><sourcefile name="AuthResponse.java"/><sourcefile name="DocumentRelationshipInfoResponse.java"/><sourcefile name="DocumentSummaryResponse.java"/><sourcefile name="DocumentRelationshipDTO.java"><line nr="42" mi="2" ci="0" mb="2" cb="0"/><line nr="43" mi="2" ci="0" mb="0" cb="0"/><line nr="46" mi="4" ci="0" mb="0" cb="0"/><line nr="47" mi="2" ci="0" mb="0" cb="0"/><line nr="48" mi="3" ci="0" mb="0" cb="0"/><line nr="49" mi="3" ci="0" mb="0" cb="0"/><line nr="50" mi="2" ci="0" mb="0" cb="0"/><line nr="51" mi="2" ci="0" mb="0" cb="0"/><line nr="52" mi="2" ci="0" mb="0" cb="0"/><line nr="53" mi="2" ci="0" mb="0" cb="0"/><line nr="54" mi="2" ci="0" mb="0" cb="0"/><counter type="INSTRUCTION" missed="26" covered="0"/><counter type="BRANCH" missed="2" covered="0"/><counter type="LINE" missed="11" covered="0"/><counter type="COMPLEXITY" missed="2" covered="0"/><counter type="METHOD" missed="1" covered="0"/><counter type="CLASS" missed="1" covered="0"/></sourcefile><counter type="INSTRUCTION" missed="26" covered="102"/><counter type="BRANCH" missed="3" covered="15"/><counter type="LINE" missed="11" covered="38"/><counter type="COMPLEXITY" missed="3" covered="9"/><counter type="METHOD" missed="1" covered="2"/><counter type="CLASS" missed="1" covered="2"/></package><package name="dev/coms4156/project/repository"><class name="dev/coms4156/project/repository/DocumentRelationshipRepository" sourcefilename="DocumentRelationshipRepository.java"/><class name="dev/coms4156/project/repository/DocumentRepository" sourcefilename="DocumentRepository.java"/><class name="dev/coms4156/project/repository/UserRepository" sourcefilename="UserRepository.java"/><class name="dev/coms4156/project/repository/DocumentChunkRepository" sourcefilename="DocumentChunkRepository.java"/><sourcefile name="DocumentRepository.java"/><sourcefile name="DocumentRelationshipRepository.java"/><sourcefile name="UserRepository.java"/><sourcefile name="DocumentChunkRepository.java"/></package><counter type="INSTRUCTION" missed="239" covered="3599"/><counter type="BRANCH" missed="38" covered="272"/><counter type="LINE" missed="64" covered="879"/><counter type="COMPLEXITY" missed="40" covered="257"/><counter type="METHOD" missed="5" covered="137"/><counter type="CLASS" missed="1" covered="27"/></report>